#! /c/Source/iverilog-install/bin/vvp
:ivl_version "12.0 (devel)" "(s20150603-1539-g2693dd32b)";
:ivl_delay_selection "TYPICAL";
:vpi_time_precision + 0;
:vpi_module "C:\iverilog\lib\ivl\system.vpi";
:vpi_module "C:\iverilog\lib\ivl\vhdl_sys.vpi";
:vpi_module "C:\iverilog\lib\ivl\vhdl_textio.vpi";
:vpi_module "C:\iverilog\lib\ivl\v2005_math.vpi";
:vpi_module "C:\iverilog\lib\ivl\va_math.vpi";
S_0000028b3c2e6d00 .scope module, "control_acceso" "control_acceso" 2 1;
 .timescale 0 0;
    .port_info 0 /INPUT 1 "clk";
    .port_info 1 /INPUT 1 "reset";
    .port_info 2 /INPUT 1 "LV";
    .port_info 3 /INPUT 16 "clave";
    .port_info 4 /INPUT 1 "CV";
    .port_info 5 /INPUT 1 "BR";
    .port_info 6 /OUTPUT 1 "AC";
    .port_info 7 /OUTPUT 1 "CP";
    .port_info 8 /OUTPUT 1 "AI";
    .port_info 9 /OUTPUT 1 "AB";
P_0000028b3c2e6e90 .param/l "A" 1 2 22, C4<00>;
P_0000028b3c2e6ec8 .param/l "B" 1 2 23, C4<01>;
P_0000028b3c2e6f00 .param/l "C" 1 2 24, C4<10>;
P_0000028b3c2e6f38 .param/l "CLAVE_CORRECTA" 0 2 2, C4<0010010001101000>;
P_0000028b3c2e6f70 .param/l "D" 1 2 25, C4<11>;
v0000028b3c326db0_0 .var "AB", 0 0;
v0000028b3c385c50_0 .var "AC", 0 0;
v0000028b3c385cf0_0 .var "AI", 0 0;
o0000028b3c341068 .functor BUFZ 1, C4<z>; HiZ drive
v0000028b3c385d90_0 .net "BR", 0 0, o0000028b3c341068;  0 drivers
v0000028b3c385e30_0 .var "CP", 0 0;
o0000028b3c3410c8 .functor BUFZ 1, C4<z>; HiZ drive
v0000028b3c385ed0_0 .net "CV", 0 0, o0000028b3c3410c8;  0 drivers
o0000028b3c3410f8 .functor BUFZ 1, C4<z>; HiZ drive
v0000028b3c385f70_0 .net "LV", 0 0, o0000028b3c3410f8;  0 drivers
o0000028b3c341128 .functor BUFZ 16, C4<zzzzzzzzzzzzzzzz>; HiZ drive
v0000028b3c386010_0 .net "clave", 15 0, o0000028b3c341128;  0 drivers
o0000028b3c341158 .functor BUFZ 1, C4<z>; HiZ drive
v0000028b3c3860b0_0 .net "clk", 0 0, o0000028b3c341158;  0 drivers
v0000028b3c386150_0 .var "contador_intentos", 1 0;
v0000028b3c3861f0_0 .var "entrar_b_desde_a", 0 0;
v0000028b3c386290_0 .var "next_state", 1 0;
o0000028b3c341218 .functor BUFZ 1, C4<z>; HiZ drive
v0000028b3c386330_0 .net "reset", 0 0, o0000028b3c341218;  0 drivers
v0000028b3c3863d0_0 .var "state", 1 0;
E_0000028b3c2e88a0/0 .event anyedge, v0000028b3c3863d0_0, v0000028b3c385f70_0, v0000028b3c385ed0_0, v0000028b3c3861f0_0;
E_0000028b3c2e88a0/1 .event anyedge, v0000028b3c386010_0, v0000028b3c386150_0, v0000028b3c385d90_0;
E_0000028b3c2e88a0 .event/or E_0000028b3c2e88a0/0, E_0000028b3c2e88a0/1;
E_0000028b3c2e8360 .event posedge, v0000028b3c386330_0, v0000028b3c3860b0_0;
    .scope S_0000028b3c2e6d00;
T_0 ;
    %wait E_0000028b3c2e8360;
    %load/vec4 v0000028b3c386330_0;
    %flag_set/vec4 8;
    %jmp/0xz  T_0.0, 8;
    %pushi/vec4 0, 0, 2;
    %assign/vec4 v0000028b3c3863d0_0, 0;
    %pushi/vec4 0, 0, 2;
    %assign/vec4 v0000028b3c386150_0, 0;
    %pushi/vec4 0, 0, 1;
    %assign/vec4 v0000028b3c3861f0_0, 0;
    %jmp T_0.1;
T_0.0 ;
    %load/vec4 v0000028b3c386290_0;
    %assign/vec4 v0000028b3c3863d0_0, 0;
T_0.1 ;
    %jmp T_0;
    .thread T_0;
    .scope S_0000028b3c2e6d00;
T_1 ;
    %wait E_0000028b3c2e88a0;
    %pushi/vec4 0, 0, 1;
    %store/vec4 v0000028b3c385c50_0, 0, 1;
    %pushi/vec4 0, 0, 1;
    %store/vec4 v0000028b3c385e30_0, 0, 1;
    %pushi/vec4 0, 0, 1;
    %store/vec4 v0000028b3c385cf0_0, 0, 1;
    %pushi/vec4 0, 0, 1;
    %store/vec4 v0000028b3c326db0_0, 0, 1;
    %load/vec4 v0000028b3c3863d0_0;
    %store/vec4 v0000028b3c386290_0, 0, 2;
    %load/vec4 v0000028b3c3863d0_0;
    %dup/vec4;
    %pushi/vec4 0, 0, 2;
    %cmp/u;
    %jmp/1 T_1.0, 6;
    %dup/vec4;
    %pushi/vec4 1, 0, 2;
    %cmp/u;
    %jmp/1 T_1.1, 6;
    %dup/vec4;
    %pushi/vec4 2, 0, 2;
    %cmp/u;
    %jmp/1 T_1.2, 6;
    %dup/vec4;
    %pushi/vec4 3, 0, 2;
    %cmp/u;
    %jmp/1 T_1.3, 6;
    %pushi/vec4 0, 0, 2;
    %store/vec4 v0000028b3c386290_0, 0, 2;
    %jmp T_1.5;
T_1.0 ;
    %load/vec4 v0000028b3c385f70_0;
    %flag_set/vec4 9;
    %flag_get/vec4 9;
    %jmp/0 T_1.8, 9;
    %load/vec4 v0000028b3c385ed0_0;
    %nor/r;
    %and;
T_1.8;
    %flag_set/vec4 8;
    %jmp/0xz  T_1.6, 8;
    %pushi/vec4 1, 0, 2;
    %store/vec4 v0000028b3c386290_0, 0, 2;
    %pushi/vec4 1, 0, 1;
    %store/vec4 v0000028b3c3861f0_0, 0, 1;
    %jmp T_1.7;
T_1.6 ;
    %load/vec4 v0000028b3c385f70_0;
    %flag_set/vec4 9;
    %flag_get/vec4 9;
    %jmp/0 T_1.11, 9;
    %load/vec4 v0000028b3c385ed0_0;
    %and;
T_1.11;
    %flag_set/vec4 8;
    %jmp/0xz  T_1.9, 8;
    %pushi/vec4 3, 0, 2;
    %store/vec4 v0000028b3c386290_0, 0, 2;
    %pushi/vec4 0, 0, 1;
    %store/vec4 v0000028b3c3861f0_0, 0, 1;
    %jmp T_1.10;
T_1.9 ;
    %pushi/vec4 0, 0, 2;
    %store/vec4 v0000028b3c386290_0, 0, 2;
    %pushi/vec4 0, 0, 1;
    %store/vec4 v0000028b3c3861f0_0, 0, 1;
T_1.10 ;
T_1.7 ;
    %jmp T_1.5;
T_1.1 ;
    %load/vec4 v0000028b3c3861f0_0;
    %flag_set/vec4 8;
    %jmp/0xz  T_1.12, 8;
    %pushi/vec4 0, 0, 2;
    %store/vec4 v0000028b3c386150_0, 0, 2;
T_1.12 ;
    %load/vec4 v0000028b3c386010_0;
    %cmpi/e 9320, 0, 16;
    %jmp/0xz  T_1.14, 4;
    %pushi/vec4 1, 0, 1;
    %store/vec4 v0000028b3c385c50_0, 0, 1;
    %pushi/vec4 2, 0, 2;
    %store/vec4 v0000028b3c386290_0, 0, 2;
    %pushi/vec4 0, 0, 2;
    %store/vec4 v0000028b3c386150_0, 0, 2;
    %jmp T_1.15;
T_1.14 ;
    %load/vec4 v0000028b3c386150_0;
    %pad/u 32;
    %cmpi/e 2, 0, 32;
    %jmp/0xz  T_1.16, 4;
    %pushi/vec4 1, 0, 1;
    %store/vec4 v0000028b3c385cf0_0, 0, 1;
    %pushi/vec4 3, 0, 2;
    %store/vec4 v0000028b3c386290_0, 0, 2;
    %jmp T_1.17;
T_1.16 ;
    %pushi/vec4 1, 0, 2;
    %store/vec4 v0000028b3c386290_0, 0, 2;
    %load/vec4 v0000028b3c386150_0;
    %addi 1, 0, 2;
    %store/vec4 v0000028b3c386150_0, 0, 2;
T_1.17 ;
T_1.15 ;
    %pushi/vec4 0, 0, 1;
    %store/vec4 v0000028b3c3861f0_0, 0, 1;
    %jmp T_1.5;
T_1.2 ;
    %load/vec4 v0000028b3c385ed0_0;
    %flag_set/vec4 9;
    %flag_get/vec4 9;
    %jmp/0 T_1.20, 9;
    %load/vec4 v0000028b3c385f70_0;
    %and;
T_1.20;
    %flag_set/vec4 8;
    %jmp/0xz  T_1.18, 8;
    %pushi/vec4 1, 0, 1;
    %store/vec4 v0000028b3c326db0_0, 0, 1;
    %pushi/vec4 3, 0, 2;
    %store/vec4 v0000028b3c386290_0, 0, 2;
    %jmp T_1.19;
T_1.18 ;
    %load/vec4 v0000028b3c385ed0_0;
    %flag_set/vec4 8;
    %jmp/0xz  T_1.21, 8;
    %pushi/vec4 1, 0, 1;
    %store/vec4 v0000028b3c385e30_0, 0, 1;
    %pushi/vec4 0, 0, 2;
    %store/vec4 v0000028b3c386290_0, 0, 2;
    %jmp T_1.22;
T_1.21 ;
    %pushi/vec4 2, 0, 2;
    %store/vec4 v0000028b3c386290_0, 0, 2;
T_1.22 ;
T_1.19 ;
    %jmp T_1.5;
T_1.3 ;
    %load/vec4 v0000028b3c385d90_0;
    %flag_set/vec4 8;
    %jmp/0xz  T_1.23, 8;
    %pushi/vec4 0, 0, 2;
    %store/vec4 v0000028b3c386290_0, 0, 2;
    %jmp T_1.24;
T_1.23 ;
    %pushi/vec4 1, 0, 1;
    %store/vec4 v0000028b3c326db0_0, 0, 1;
    %pushi/vec4 3, 0, 2;
    %store/vec4 v0000028b3c386290_0, 0, 2;
T_1.24 ;
    %jmp T_1.5;
T_1.5 ;
    %pop/vec4 1;
    %jmp T_1;
    .thread T_1, $push;
# The file index is used to find the file name in the following table.
:file_names 3;
    "N/A";
    "<interactive>";
    "control_de_acceso.v";
