#! /c/Source/iverilog-install/bin/vvp
:ivl_version "12.0 (devel)" "(s20150603-1539-g2693dd32b)";
:ivl_delay_selection "TYPICAL";
:vpi_time_precision + 0;
:vpi_module "C:\iverilog\lib\ivl\system.vpi";
:vpi_module "C:\iverilog\lib\ivl\vhdl_sys.vpi";
:vpi_module "C:\iverilog\lib\ivl\vhdl_textio.vpi";
:vpi_module "C:\iverilog\lib\ivl\v2005_math.vpi";
:vpi_module "C:\iverilog\lib\ivl\va_math.vpi";
S_00000236b4db2df0 .scope module, "det_sec" "det_sec" 2 2;
 .timescale 0 0;
    .port_info 0 /INPUT 1 "clk";
    .port_info 1 /INPUT 1 "rst";
    .port_info 2 /INPUT 1 "s_in";
    .port_info 3 /OUTPUT 1 "valido";
    .port_info 4 /OUTPUT 1 "nuevo_numero";
P_00000236b4db3800 .param/l "SECUENCIA" 0 2 2, C4<10100>;
P_00000236b4db3838 .param/l "SEC_REINICIO" 0 2 3, C4<00000>;
o00000236b4debfd8 .functor BUFZ 1, C4<z>; HiZ drive
v00000236b4db2f80_0 .net "clk", 0 0, o00000236b4debfd8;  0 drivers
v00000236b4db3020_0 .var "estado_actual", 1 0;
v00000236b4db30c0_0 .var "nuevo_numero", 0 0;
v00000236b4de4460_0 .var "prox_estado", 1 0;
o00000236b4dec098 .functor BUFZ 1, C4<z>; HiZ drive
v00000236b4de4500_0 .net "rst", 0 0, o00000236b4dec098;  0 drivers
o00000236b4dec0c8 .functor BUFZ 1, C4<z>; HiZ drive
v00000236b4de45a0_0 .net "s_in", 0 0, o00000236b4dec0c8;  0 drivers
v00000236b4de4640_0 .var "sec_recibida", 4 0;
v00000236b4de46e0_0 .var "valido", 0 0;
E_00000236b4d97b90 .event anyedge, v00000236b4db3020_0, v00000236b4db2f80_0, v00000236b4de4500_0;
E_00000236b4d97dd0 .event anyedge, v00000236b4db3020_0, v00000236b4de4640_0;
E_00000236b4d98810 .event posedge, v00000236b4db2f80_0;
    .scope S_00000236b4db2df0;
T_0 ;
    %wait E_00000236b4d98810;
    %load/vec4 v00000236b4de4500_0;
    %flag_set/vec4 8;
    %jmp/0xz  T_0.0, 8;
    %pushi/vec4 1, 0, 2;
    %assign/vec4 v00000236b4db3020_0, 0;
    %pushi/vec4 0, 0, 5;
    %assign/vec4 v00000236b4de4640_0, 0;
    %jmp T_0.1;
T_0.0 ;
    %load/vec4 v00000236b4de4460_0;
    %assign/vec4 v00000236b4db3020_0, 0;
    %load/vec4 v00000236b4de45a0_0;
    %ix/load 4, 0, 0;
    %ix/load 5, 0, 0;
    %flag_set/imm 4, 0;
    %assign/vec4/off/d v00000236b4de4640_0, 4, 5;
    %load/vec4 v00000236b4de4640_0;
    %parti/s 1, 0, 2;
    %ix/load 4, 1, 0;
    %ix/load 5, 0, 0;
    %flag_set/imm 4, 0;
    %assign/vec4/off/d v00000236b4de4640_0, 4, 5;
    %load/vec4 v00000236b4de4640_0;
    %parti/s 1, 1, 2;
    %ix/load 4, 2, 0;
    %ix/load 5, 0, 0;
    %flag_set/imm 4, 0;
    %assign/vec4/off/d v00000236b4de4640_0, 4, 5;
    %load/vec4 v00000236b4de4640_0;
    %parti/s 1, 2, 3;
    %ix/load 4, 3, 0;
    %ix/load 5, 0, 0;
    %flag_set/imm 4, 0;
    %assign/vec4/off/d v00000236b4de4640_0, 4, 5;
    %load/vec4 v00000236b4de4640_0;
    %parti/s 1, 3, 3;
    %ix/load 4, 4, 0;
    %ix/load 5, 0, 0;
    %flag_set/imm 4, 0;
    %assign/vec4/off/d v00000236b4de4640_0, 4, 5;
T_0.1 ;
    %jmp T_0;
    .thread T_0;
    .scope S_00000236b4db2df0;
T_1 ;
    %wait E_00000236b4d97dd0;
    %load/vec4 v00000236b4db3020_0;
    %store/vec4 v00000236b4de4460_0, 0, 2;
    %load/vec4 v00000236b4db3020_0;
    %dup/vec4;
    %pushi/vec4 1, 0, 2;
    %cmp/u;
    %jmp/1 T_1.0, 6;
    %dup/vec4;
    %pushi/vec4 2, 0, 2;
    %cmp/u;
    %jmp/1 T_1.1, 6;
    %pushi/vec4 0, 0, 1;
    %store/vec4 v00000236b4de46e0_0, 0, 1;
    %pushi/vec4 1, 0, 2;
    %store/vec4 v00000236b4de4460_0, 0, 2;
    %jmp T_1.3;
T_1.0 ;
    %pushi/vec4 0, 0, 1;
    %store/vec4 v00000236b4de46e0_0, 0, 1;
    %load/vec4 v00000236b4de4640_0;
    %cmpi/e 20, 0, 5;
    %jmp/0xz  T_1.4, 4;
    %pushi/vec4 2, 0, 2;
    %store/vec4 v00000236b4de4460_0, 0, 2;
    %jmp T_1.5;
T_1.4 ;
    %pushi/vec4 1, 0, 2;
    %store/vec4 v00000236b4de4460_0, 0, 2;
T_1.5 ;
    %jmp T_1.3;
T_1.1 ;
    %pushi/vec4 1, 0, 1;
    %store/vec4 v00000236b4de46e0_0, 0, 1;
    %load/vec4 v00000236b4de4640_0;
    %cmpi/e 0, 0, 5;
    %jmp/0xz  T_1.6, 4;
    %pushi/vec4 1, 0, 2;
    %store/vec4 v00000236b4de4460_0, 0, 2;
    %jmp T_1.7;
T_1.6 ;
    %pushi/vec4 2, 0, 2;
    %store/vec4 v00000236b4de4460_0, 0, 2;
T_1.7 ;
    %jmp T_1.3;
T_1.3 ;
    %pop/vec4 1;
    %jmp T_1;
    .thread T_1, $push;
    .scope S_00000236b4db2df0;
T_2 ;
    %wait E_00000236b4d97b90;
    %load/vec4 v00000236b4db3020_0;
    %pushi/vec4 1, 0, 2;
    %cmp/e;
    %flag_get/vec4 4;
    %load/vec4 v00000236b4db2f80_0;
    %and;
    %load/vec4 v00000236b4de4500_0;
    %inv;
    %and;
    %store/vec4 v00000236b4db30c0_0, 0, 1;
    %jmp T_2;
    .thread T_2, $push;
# The file index is used to find the file name in the following table.
:file_names 3;
    "N/A";
    "<interactive>";
    "me_op1.v";
