#! /c/Source/iverilog-install/bin/vvp
:ivl_version "12.0 (devel)" "(s20150603-1539-g2693dd32b)";
:ivl_delay_selection "TYPICAL";
:vpi_time_precision + 0;
:vpi_module "C:\iverilog\lib\ivl\system.vpi";
:vpi_module "C:\iverilog\lib\ivl\vhdl_sys.vpi";
:vpi_module "C:\iverilog\lib\ivl\vhdl_textio.vpi";
:vpi_module "C:\iverilog\lib\ivl\v2005_math.vpi";
:vpi_module "C:\iverilog\lib\ivl\va_math.vpi";
S_000001e106630d10 .scope module, "cajero_tb" "cajero_tb" 2 4;
 .timescale 0 0;
v000001e1066b9130_0 .net "ADVERTENCIA", 0 0, v000001e1066b9e50_0;  1 drivers
v000001e1066b9590_0 .net "BALANCE_ACTUALIZADO", 0 0, v000001e1066b9db0_0;  1 drivers
v000001e1066bb830_0 .net "BALANCE_INICIAL", 63 0, v000001e10664c1f0_0;  1 drivers
v000001e1066ba890_0 .net "BLOQUEO", 0 0, v000001e1066b9090_0;  1 drivers
v000001e1066bb290_0 .net "DIGITO", 3 0, v000001e10664c330_0;  1 drivers
v000001e1066ba250_0 .net "DIGITO_STB", 0 0, v000001e10664c3d0_0;  1 drivers
v000001e1066ba2f0_0 .net "ENTREGAR_DINERO", 0 0, v000001e1066b9630_0;  1 drivers
v000001e1066bb1f0_0 .net "FONDOS_INSUFICIENTES", 0 0, v000001e1066b9ef0_0;  1 drivers
v000001e1066bbbf0_0 .net "MONTO", 31 0, v000001e106657c40_0;  1 drivers
v000001e1066bbf10_0 .net "MONTO_STB", 0 0, v000001e106657ce0_0;  1 drivers
v000001e1066bad90_0 .net "PIN", 15 0, v000001e106657d80_0;  1 drivers
v000001e1066bb5b0_0 .net "PIN_INCORRECTO", 0 0, v000001e1066b9450_0;  1 drivers
v000001e1066ba390_0 .net "TARJETA_RECIBIDA", 0 0, v000001e106657ec0_0;  1 drivers
v000001e1066bae30_0 .net "TIPO_TRNANS", 0 0, v000001e106657f60_0;  1 drivers
v000001e1066bac50_0 .net "clk", 0 0, v000001e106658000_0;  1 drivers
v000001e1066bacf0_0 .net "rst", 0 0, v000001e1066b9f90_0;  1 drivers
S_000001e1066310b0 .scope module, "P0" "provador" 2 35, 3 1 0, S_000001e106630d10;
 .timescale 0 0;
    .port_info 0 /OUTPUT 1 "clk";
    .port_info 1 /OUTPUT 1 "rst";
    .port_info 2 /OUTPUT 1 "TARJETA_RECIBIDA";
    .port_info 3 /OUTPUT 1 "TIPO_TRNANS";
    .port_info 4 /OUTPUT 1 "DIGITO_STB";
    .port_info 5 /OUTPUT 1 "MONTO_STB";
    .port_info 6 /INPUT 1 "ENTREGAR_DINERO";
    .port_info 7 /INPUT 1 "PIN_INCORRECTO";
    .port_info 8 /INPUT 1 "ADVERTENCIA";
    .port_info 9 /INPUT 1 "BLOQUEO";
    .port_info 10 /INPUT 1 "FONDOS_INSUFICIENTES";
    .port_info 11 /INPUT 1 "BALANCE_ACTUALIZADO";
    .port_info 12 /OUTPUT 4 "DIGITO";
    .port_info 13 /OUTPUT 16 "PIN";
    .port_info 14 /OUTPUT 32 "MONTO";
    .port_info 15 /OUTPUT 64 "BALANCE_INICIAL";
v000001e106660c70_0 .net "ADVERTENCIA", 0 0, v000001e1066b9e50_0;  alias, 1 drivers
v000001e10664c150_0 .net "BALANCE_ACTUALIZADO", 0 0, v000001e1066b9db0_0;  alias, 1 drivers
v000001e10664c1f0_0 .var "BALANCE_INICIAL", 63 0;
v000001e10664c290_0 .net "BLOQUEO", 0 0, v000001e1066b9090_0;  alias, 1 drivers
v000001e10664c330_0 .var "DIGITO", 3 0;
v000001e10664c3d0_0 .var "DIGITO_STB", 0 0;
v000001e10664c470_0 .net "ENTREGAR_DINERO", 0 0, v000001e1066b9630_0;  alias, 1 drivers
v000001e10664c510_0 .net "FONDOS_INSUFICIENTES", 0 0, v000001e1066b9ef0_0;  alias, 1 drivers
v000001e106657c40_0 .var "MONTO", 31 0;
v000001e106657ce0_0 .var "MONTO_STB", 0 0;
v000001e106657d80_0 .var "PIN", 15 0;
v000001e106657e20_0 .net "PIN_INCORRECTO", 0 0, v000001e1066b9450_0;  alias, 1 drivers
v000001e106657ec0_0 .var "TARJETA_RECIBIDA", 0 0;
v000001e106657f60_0 .var "TIPO_TRNANS", 0 0;
v000001e106658000_0 .var "clk", 0 0;
v000001e1066b9f90_0 .var "rst", 0 0;
S_000001e106602830 .scope module, "U0" "cajero" 2 15, 4 1 0, S_000001e106630d10;
 .timescale 0 0;
    .port_info 0 /INPUT 1 "clk";
    .port_info 1 /INPUT 1 "rst";
    .port_info 2 /INPUT 1 "TARJETA_RECIBIDA";
    .port_info 3 /INPUT 1 "TIPO_TRNANS";
    .port_info 4 /INPUT 4 "DIGITO";
    .port_info 5 /INPUT 1 "DIGITO_STB";
    .port_info 6 /INPUT 16 "PIN";
    .port_info 7 /INPUT 32 "MONTO";
    .port_info 8 /INPUT 1 "MONTO_STB";
    .port_info 9 /INPUT 64 "BALANCE_INICIAL";
    .port_info 10 /OUTPUT 1 "BALANCE_ACTUALIZADO";
    .port_info 11 /OUTPUT 1 "ENTREGAR_DINERO";
    .port_info 12 /OUTPUT 1 "PIN_INCORRECTO";
    .port_info 13 /OUTPUT 1 "ADVERTENCIA";
    .port_info 14 /OUTPUT 1 "BLOQUEO";
    .port_info 15 /OUTPUT 1 "FONDOS_INSUFICIENTES";
P_000001e1066029c0 .param/l "Deposito" 1 4 21, C4<011>;
P_000001e1066029f8 .param/l "E_Bloqueo" 1 4 20, C4<010>;
P_000001e106602a30 .param/l "Esperando_tarjeta" 1 4 18, C4<000>;
P_000001e106602a68 .param/l "Ingresando_pin" 1 4 19, C4<001>;
P_000001e106602aa0 .param/l "Retiro" 1 4 22, C4<100>;
P_000001e106602ad8 .param/l "Tipo_de_trans" 1 4 23, C4<101>;
v000001e1066b9e50_0 .var "ADVERTENCIA", 0 0;
v000001e1066b9db0_0 .var "BALANCE_ACTUALIZADO", 0 0;
v000001e1066b91d0_0 .net "BALANCE_INICIAL", 63 0, v000001e10664c1f0_0;  alias, 1 drivers
v000001e1066b9090_0 .var "BLOQUEO", 0 0;
v000001e1066b96d0_0 .var "Balance", 63 0;
v000001e1066b9310_0 .net "DIGITO", 3 0, v000001e10664c330_0;  alias, 1 drivers
v000001e1066b9770_0 .net "DIGITO_STB", 0 0, v000001e10664c3d0_0;  alias, 1 drivers
v000001e1066b9630_0 .var "ENTREGAR_DINERO", 0 0;
v000001e1066b9c70_0 .var "EstPresente", 2 0;
v000001e1066b9ef0_0 .var "FONDOS_INSUFICIENTES", 0 0;
v000001e1066b9d10_0 .net "MONTO", 31 0, v000001e106657c40_0;  alias, 1 drivers
v000001e1066b9270_0 .net "MONTO_STB", 0 0, v000001e106657ce0_0;  alias, 1 drivers
v000001e1066b93b0_0 .net "PIN", 15 0, v000001e106657d80_0;  alias, 1 drivers
v000001e1066b9450_0 .var "PIN_INCORRECTO", 0 0;
v000001e1066b9810_0 .var "ProxEstado", 2 0;
v000001e1066b98b0_0 .net "TARJETA_RECIBIDA", 0 0, v000001e106657ec0_0;  alias, 1 drivers
v000001e1066b9bd0_0 .net "TIPO_TRNANS", 0 0, v000001e106657f60_0;  alias, 1 drivers
v000001e1066b9b30_0 .net "clk", 0 0, v000001e106658000_0;  alias, 1 drivers
v000001e1066b94f0_0 .var "contador_intentos", 1 0;
v000001e1066b9950_0 .var "pin_recibido", 15 0;
v000001e1066b99f0_0 .var "prox_contador_intentos", 1 0;
v000001e1066b9a90_0 .net "rst", 0 0, v000001e1066b9f90_0;  alias, 1 drivers
E_000001e10662ddf0/0 .event anyedge, v000001e1066b94f0_0, v000001e10664c1f0_0, v000001e1066b9c70_0, v000001e106657ec0_0;
E_000001e10662ddf0/1 .event anyedge, v000001e10664c3d0_0, v000001e1066b9950_0, v000001e106657d80_0, v000001e106657f60_0;
E_000001e10662ddf0/2 .event anyedge, v000001e106657ce0_0, v000001e106657c40_0, v000001e1066b9f90_0;
E_000001e10662ddf0 .event/or E_000001e10662ddf0/0, E_000001e10662ddf0/1, E_000001e10662ddf0/2;
E_000001e10662dc30 .event posedge, v000001e106658000_0;
    .scope S_000001e106602830;
T_0 ;
    %wait E_000001e10662dc30;
    %load/vec4 v000001e1066b9a90_0;
    %inv;
    %flag_set/vec4 8;
    %jmp/0xz  T_0.0, 8;
    %pushi/vec4 0, 0, 3;
    %assign/vec4 v000001e1066b9c70_0, 0;
    %pushi/vec4 0, 0, 2;
    %assign/vec4 v000001e1066b94f0_0, 0;
    %pushi/vec4 0, 0, 16;
    %assign/vec4 v000001e1066b9950_0, 0;
    %load/vec4 v000001e1066b91d0_0;
    %assign/vec4 v000001e1066b96d0_0, 0;
    %jmp T_0.1;
T_0.0 ;
    %load/vec4 v000001e1066b9810_0;
    %assign/vec4 v000001e1066b9c70_0, 0;
    %load/vec4 v000001e1066b99f0_0;
    %assign/vec4 v000001e1066b94f0_0, 0;
    %load/vec4 v000001e1066b9310_0;
    %ix/load 4, 0, 0;
    %ix/load 5, 0, 0;
    %flag_set/imm 4, 0;
    %assign/vec4/off/d v000001e1066b9950_0, 4, 5;
    %load/vec4 v000001e1066b9950_0;
    %parti/s 4, 0, 2;
    %ix/load 4, 4, 0;
    %ix/load 5, 0, 0;
    %flag_set/imm 4, 0;
    %assign/vec4/off/d v000001e1066b9950_0, 4, 5;
    %load/vec4 v000001e1066b9950_0;
    %parti/s 4, 4, 4;
    %ix/load 4, 8, 0;
    %ix/load 5, 0, 0;
    %flag_set/imm 4, 0;
    %assign/vec4/off/d v000001e1066b9950_0, 4, 5;
    %load/vec4 v000001e1066b9950_0;
    %parti/s 4, 8, 5;
    %ix/load 4, 12, 0;
    %ix/load 5, 0, 0;
    %flag_set/imm 4, 0;
    %assign/vec4/off/d v000001e1066b9950_0, 4, 5;
T_0.1 ;
    %jmp T_0;
    .thread T_0;
    .scope S_000001e106602830;
T_1 ;
    %wait E_000001e10662ddf0;
    %pushi/vec4 0, 0, 1;
    %store/vec4 v000001e1066b9630_0, 0, 1;
    %pushi/vec4 0, 0, 1;
    %store/vec4 v000001e1066b9450_0, 0, 1;
    %pushi/vec4 0, 0, 1;
    %store/vec4 v000001e1066b9e50_0, 0, 1;
    %pushi/vec4 0, 0, 1;
    %store/vec4 v000001e1066b9090_0, 0, 1;
    %pushi/vec4 0, 0, 1;
    %store/vec4 v000001e1066b9ef0_0, 0, 1;
    %pushi/vec4 0, 0, 1;
    %store/vec4 v000001e1066b9db0_0, 0, 1;
    %load/vec4 v000001e1066b94f0_0;
    %store/vec4 v000001e1066b99f0_0, 0, 2;
    %load/vec4 v000001e1066b91d0_0;
    %store/vec4 v000001e1066b96d0_0, 0, 64;
    %load/vec4 v000001e1066b9c70_0;
    %store/vec4 v000001e1066b9810_0, 0, 3;
    %load/vec4 v000001e1066b9c70_0;
    %dup/vec4;
    %pushi/vec4 0, 0, 3;
    %cmp/u;
    %jmp/1 T_1.0, 6;
    %dup/vec4;
    %pushi/vec4 1, 0, 3;
    %cmp/u;
    %jmp/1 T_1.1, 6;
    %dup/vec4;
    %pushi/vec4 5, 0, 3;
    %cmp/u;
    %jmp/1 T_1.2, 6;
    %dup/vec4;
    %pushi/vec4 4, 0, 3;
    %cmp/u;
    %jmp/1 T_1.3, 6;
    %dup/vec4;
    %pushi/vec4 3, 0, 3;
    %cmp/u;
    %jmp/1 T_1.4, 6;
    %dup/vec4;
    %pushi/vec4 2, 0, 3;
    %cmp/u;
    %jmp/1 T_1.5, 6;
    %pushi/vec4 0, 0, 3;
    %store/vec4 v000001e1066b9810_0, 0, 3;
    %jmp T_1.7;
T_1.0 ;
    %load/vec4 v000001e1066b98b0_0;
    %flag_set/vec4 8;
    %jmp/0xz  T_1.8, 8;
    %pushi/vec4 1, 0, 3;
    %store/vec4 v000001e1066b9810_0, 0, 3;
    %pushi/vec4 0, 0, 2;
    %store/vec4 v000001e1066b99f0_0, 0, 2;
    %jmp T_1.9;
T_1.8 ;
    %pushi/vec4 0, 0, 3;
    %store/vec4 v000001e1066b9810_0, 0, 3;
T_1.9 ;
    %jmp T_1.7;
T_1.1 ;
    %load/vec4 v000001e1066b9770_0;
    %flag_set/vec4 8;
    %jmp/0xz  T_1.10, 8;
    %load/vec4 v000001e1066b9950_0;
    %load/vec4 v000001e1066b93b0_0;
    %cmp/e;
    %jmp/0xz  T_1.12, 4;
    %pushi/vec4 5, 0, 3;
    %store/vec4 v000001e1066b9810_0, 0, 3;
    %pushi/vec4 0, 0, 2;
    %store/vec4 v000001e1066b99f0_0, 0, 2;
    %jmp T_1.13;
T_1.12 ;
    %load/vec4 v000001e1066b94f0_0;
    %pad/u 32;
    %cmpi/e 3, 0, 32;
    %jmp/0xz  T_1.14, 4;
    %pushi/vec4 1, 0, 1;
    %store/vec4 v000001e1066b9090_0, 0, 1;
    %pushi/vec4 2, 0, 3;
    %store/vec4 v000001e1066b9810_0, 0, 3;
    %jmp T_1.15;
T_1.14 ;
    %load/vec4 v000001e1066b94f0_0;
    %pad/u 32;
    %cmpi/e 2, 0, 32;
    %jmp/0xz  T_1.16, 4;
    %pushi/vec4 1, 0, 1;
    %store/vec4 v000001e1066b9e50_0, 0, 1;
    %pushi/vec4 1, 0, 3;
    %store/vec4 v000001e1066b9810_0, 0, 3;
    %load/vec4 v000001e1066b94f0_0;
    %addi 1, 0, 2;
    %store/vec4 v000001e1066b99f0_0, 0, 2;
    %jmp T_1.17;
T_1.16 ;
    %pushi/vec4 1, 0, 1;
    %store/vec4 v000001e1066b9450_0, 0, 1;
    %load/vec4 v000001e1066b94f0_0;
    %addi 1, 0, 2;
    %store/vec4 v000001e1066b99f0_0, 0, 2;
T_1.17 ;
T_1.15 ;
T_1.13 ;
    %jmp T_1.11;
T_1.10 ;
    %load/vec4 v000001e1066b94f0_0;
    %pad/u 32;
    %cmpi/e 3, 0, 32;
    %jmp/0xz  T_1.18, 4;
    %pushi/vec4 2, 0, 3;
    %store/vec4 v000001e1066b9810_0, 0, 3;
    %pushi/vec4 1, 0, 1;
    %store/vec4 v000001e1066b9090_0, 0, 1;
    %jmp T_1.19;
T_1.18 ;
    %pushi/vec4 1, 0, 3;
    %store/vec4 v000001e1066b9810_0, 0, 3;
T_1.19 ;
T_1.11 ;
    %jmp T_1.7;
T_1.2 ;
    %load/vec4 v000001e1066b9bd0_0;
    %flag_set/vec4 8;
    %jmp/0xz  T_1.20, 8;
    %pushi/vec4 4, 0, 3;
    %store/vec4 v000001e1066b9810_0, 0, 3;
    %jmp T_1.21;
T_1.20 ;
    %pushi/vec4 3, 0, 3;
    %store/vec4 v000001e1066b9810_0, 0, 3;
T_1.21 ;
    %jmp T_1.7;
T_1.3 ;
    %load/vec4 v000001e1066b9270_0;
    %flag_set/vec4 8;
    %jmp/0xz  T_1.22, 8;
    %load/vec4 v000001e1066b9d10_0;
    %pad/u 64;
    %load/vec4 v000001e1066b91d0_0;
    %cmp/u;
    %flag_or 5, 4;
    %jmp/0xz  T_1.24, 5;
    %load/vec4 v000001e1066b91d0_0;
    %load/vec4 v000001e1066b9d10_0;
    %pad/u 64;
    %sub;
    %store/vec4 v000001e1066b96d0_0, 0, 64;
    %pushi/vec4 1, 0, 1;
    %store/vec4 v000001e1066b9db0_0, 0, 1;
    %pushi/vec4 1, 0, 1;
    %store/vec4 v000001e1066b9630_0, 0, 1;
    %pushi/vec4 0, 0, 3;
    %store/vec4 v000001e1066b9810_0, 0, 3;
    %jmp T_1.25;
T_1.24 ;
    %pushi/vec4 1, 0, 1;
    %store/vec4 v000001e1066b9ef0_0, 0, 1;
    %pushi/vec4 4, 0, 3;
    %store/vec4 v000001e1066b9810_0, 0, 3;
T_1.25 ;
    %jmp T_1.23;
T_1.22 ;
    %pushi/vec4 4, 0, 3;
    %store/vec4 v000001e1066b9810_0, 0, 3;
T_1.23 ;
    %jmp T_1.7;
T_1.4 ;
    %load/vec4 v000001e1066b9270_0;
    %flag_set/vec4 8;
    %jmp/0xz  T_1.26, 8;
    %load/vec4 v000001e1066b9d10_0;
    %cmpi/ne 0, 0, 32;
    %jmp/0xz  T_1.28, 4;
    %load/vec4 v000001e1066b91d0_0;
    %load/vec4 v000001e1066b9d10_0;
    %pad/u 64;
    %add;
    %store/vec4 v000001e1066b96d0_0, 0, 64;
    %pushi/vec4 1, 0, 1;
    %store/vec4 v000001e1066b9db0_0, 0, 1;
    %pushi/vec4 0, 0, 3;
    %store/vec4 v000001e1066b9810_0, 0, 3;
    %jmp T_1.29;
T_1.28 ;
    %pushi/vec4 3, 0, 3;
    %store/vec4 v000001e1066b9810_0, 0, 3;
T_1.29 ;
    %jmp T_1.27;
T_1.26 ;
    %pushi/vec4 3, 0, 3;
    %store/vec4 v000001e1066b9810_0, 0, 3;
T_1.27 ;
    %jmp T_1.7;
T_1.5 ;
    %load/vec4 v000001e1066b9a90_0;
    %inv;
    %flag_set/vec4 8;
    %jmp/0xz  T_1.30, 8;
    %pushi/vec4 0, 0, 3;
    %store/vec4 v000001e1066b9810_0, 0, 3;
    %jmp T_1.31;
T_1.30 ;
    %pushi/vec4 2, 0, 3;
    %store/vec4 v000001e1066b9810_0, 0, 3;
    %pushi/vec4 1, 0, 1;
    %store/vec4 v000001e1066b9090_0, 0, 1;
T_1.31 ;
    %jmp T_1.7;
T_1.7 ;
    %pop/vec4 1;
    %jmp T_1;
    .thread T_1, $push;
    .scope S_000001e1066310b0;
T_2 ;
    %pushi/vec4 0, 0, 1;
    %store/vec4 v000001e106658000_0, 0, 1;
    %pushi/vec4 1, 0, 1;
    %store/vec4 v000001e1066b9f90_0, 0, 1;
    %pushi/vec4 20000, 0, 64;
    %store/vec4 v000001e10664c1f0_0, 0, 64;
    %pushi/vec4 4500, 0, 16;
    %store/vec4 v000001e106657d80_0, 0, 16;
    %pushi/vec4 0, 0, 1;
    %store/vec4 v000001e106657ec0_0, 0, 1;
    %pushi/vec4 0, 0, 1;
    %store/vec4 v000001e10664c3d0_0, 0, 1;
    %pushi/vec4 0, 0, 1;
    %store/vec4 v000001e106657f60_0, 0, 1;
    %pushi/vec4 0, 0, 1;
    %store/vec4 v000001e106657ce0_0, 0, 1;
    %delay 10, 0;
    %pushi/vec4 0, 0, 1;
    %store/vec4 v000001e1066b9f90_0, 0, 1;
    %delay 10, 0;
    %pushi/vec4 1, 0, 1;
    %store/vec4 v000001e1066b9f90_0, 0, 1;
    %pushi/vec4 1, 0, 1;
    %store/vec4 v000001e106657ec0_0, 0, 1;
    %delay 20, 0;
    %pushi/vec4 0, 0, 1;
    %store/vec4 v000001e106657ec0_0, 0, 1;
    %pushi/vec4 1, 0, 4;
    %store/vec4 v000001e10664c330_0, 0, 4;
    %delay 20, 0;
    %pushi/vec4 1, 0, 4;
    %store/vec4 v000001e10664c330_0, 0, 4;
    %delay 20, 0;
    %pushi/vec4 9, 0, 4;
    %store/vec4 v000001e10664c330_0, 0, 4;
    %delay 20, 0;
    %pushi/vec4 4, 0, 4;
    %store/vec4 v000001e10664c330_0, 0, 4;
    %delay 20, 0;
    %pushi/vec4 1, 0, 1;
    %store/vec4 v000001e10664c3d0_0, 0, 1;
    %delay 20, 0;
    %pushi/vec4 0, 0, 1;
    %store/vec4 v000001e10664c3d0_0, 0, 1;
    %pushi/vec4 15000, 0, 32;
    %store/vec4 v000001e106657c40_0, 0, 32;
    %delay 20, 0;
    %pushi/vec4 1, 0, 1;
    %store/vec4 v000001e106657ce0_0, 0, 1;
    %delay 20, 0;
    %pushi/vec4 0, 0, 1;
    %store/vec4 v000001e106657ce0_0, 0, 1;
    %pushi/vec4 0, 0, 32;
    %store/vec4 v000001e106657c40_0, 0, 32;
    %delay 20, 0;
    %pushi/vec4 1, 0, 1;
    %store/vec4 v000001e106657ec0_0, 0, 1;
    %pushi/vec4 1, 0, 4;
    %store/vec4 v000001e10664c330_0, 0, 4;
    %delay 20, 0;
    %pushi/vec4 1, 0, 4;
    %store/vec4 v000001e10664c330_0, 0, 4;
    %delay 20, 0;
    %pushi/vec4 9, 0, 4;
    %store/vec4 v000001e10664c330_0, 0, 4;
    %pushi/vec4 0, 0, 1;
    %store/vec4 v000001e106657ec0_0, 0, 1;
    %delay 20, 0;
    %pushi/vec4 4, 0, 4;
    %store/vec4 v000001e10664c330_0, 0, 4;
    %delay 20, 0;
    %pushi/vec4 1, 0, 1;
    %store/vec4 v000001e10664c3d0_0, 0, 1;
    %pushi/vec4 1, 0, 1;
    %store/vec4 v000001e106657f60_0, 0, 1;
    %delay 20, 0;
    %pushi/vec4 0, 0, 1;
    %store/vec4 v000001e10664c3d0_0, 0, 1;
    %pushi/vec4 15000, 0, 32;
    %store/vec4 v000001e106657c40_0, 0, 32;
    %delay 20, 0;
    %pushi/vec4 1, 0, 1;
    %store/vec4 v000001e106657ce0_0, 0, 1;
    %pushi/vec4 0, 0, 1;
    %store/vec4 v000001e106657f60_0, 0, 1;
    %delay 20, 0;
    %pushi/vec4 0, 0, 1;
    %store/vec4 v000001e106657ce0_0, 0, 1;
    %pushi/vec4 0, 0, 32;
    %store/vec4 v000001e106657c40_0, 0, 32;
    %delay 20, 0;
    %pushi/vec4 1, 0, 1;
    %store/vec4 v000001e106657ec0_0, 0, 1;
    %pushi/vec4 1, 0, 4;
    %store/vec4 v000001e10664c330_0, 0, 4;
    %delay 20, 0;
    %pushi/vec4 1, 0, 4;
    %store/vec4 v000001e10664c330_0, 0, 4;
    %delay 20, 0;
    %pushi/vec4 9, 0, 4;
    %store/vec4 v000001e10664c330_0, 0, 4;
    %pushi/vec4 0, 0, 1;
    %store/vec4 v000001e106657ec0_0, 0, 1;
    %delay 20, 0;
    %pushi/vec4 5, 0, 4;
    %store/vec4 v000001e10664c330_0, 0, 4;
    %delay 20, 0;
    %pushi/vec4 1, 0, 1;
    %store/vec4 v000001e10664c3d0_0, 0, 1;
    %delay 20, 0;
    %pushi/vec4 0, 0, 1;
    %store/vec4 v000001e10664c3d0_0, 0, 1;
    %delay 20, 0;
    %pushi/vec4 1, 0, 1;
    %store/vec4 v000001e10664c3d0_0, 0, 1;
    %delay 20, 0;
    %pushi/vec4 0, 0, 1;
    %store/vec4 v000001e10664c3d0_0, 0, 1;
    %delay 20, 0;
    %pushi/vec4 1, 0, 1;
    %store/vec4 v000001e10664c3d0_0, 0, 1;
    %delay 20, 0;
    %pushi/vec4 0, 0, 1;
    %store/vec4 v000001e10664c3d0_0, 0, 1;
    %delay 100, 0;
    %vpi_call 3 60 "$finish" {0 0 0};
    %end;
    .thread T_2;
    .scope S_000001e1066310b0;
T_3 ;
    %delay 10, 0;
    %load/vec4 v000001e106658000_0;
    %inv;
    %store/vec4 v000001e106658000_0, 0, 1;
    %jmp T_3;
    .thread T_3;
    .scope S_000001e106630d10;
T_4 ;
    %vpi_call 2 56 "$dumpfile", "resultados.vcd" {0 0 0};
    %vpi_call 2 57 "$dumpvars", 32'sb11111111111111111111111111111111, S_000001e106602830 {0 0 0};
    %vpi_call 2 59 "$monitor", "clk=%b rst=%b TARJETA_RECIBIDA=%b TIPO_TRNANS=%b DIGITO_STB=%b MONTO_STB=%b ENTREGAR_DINERO=%b PIN_INCORRECTO=%b ADVERTENCIA=%b BLOQUEO=%b FONDOS_INSUFICIENTES=%b BALANCE_ACTUALIZADO=%b DIGITO=%b PIN=%b MONTO=%b BALANCE_INICIAL=%b", v000001e1066bac50_0, v000001e1066bacf0_0, v000001e1066ba390_0, v000001e1066bae30_0, v000001e1066ba250_0, v000001e1066bbf10_0, v000001e1066ba2f0_0, v000001e1066bb5b0_0, v000001e1066b9130_0, v000001e1066ba890_0, v000001e1066bb1f0_0, v000001e1066b9590_0, v000001e1066bb290_0, v000001e1066bad90_0, v000001e1066bbbf0_0, v000001e1066bb830_0 {0 0 0};
    %end;
    .thread T_4;
# The file index is used to find the file name in the following table.
:file_names 5;
    "N/A";
    "<interactive>";
    "testbench.v";
    "./provador.v";
    "./cajero.v";
