#! /c/Source/iverilog-install/bin/vvp
:ivl_version "12.0 (devel)" "(s20150603-1539-g2693dd32b)";
:ivl_delay_selection "TYPICAL";
:vpi_time_precision + 0;
:vpi_module "C:\iverilog\lib\ivl\system.vpi";
:vpi_module "C:\iverilog\lib\ivl\vhdl_sys.vpi";
:vpi_module "C:\iverilog\lib\ivl\vhdl_textio.vpi";
:vpi_module "C:\iverilog\lib\ivl\v2005_math.vpi";
:vpi_module "C:\iverilog\lib\ivl\va_math.vpi";
S_000001af155a5840 .scope module, "tb_i2c_transaction" "tb_i2c_transaction" 2 5;
 .timescale 0 0;
v000001af15617a10_0 .net "clk", 0 0, v000001af156171f0_0;  1 drivers
v000001af15617ab0_0 .net "i2c_addr_g", 6 0, v000001af156178d0_0;  1 drivers
v000001af15616a70_0 .net "i2c_addr_r", 6 0, v000001af15616570_0;  1 drivers
v000001af15616390_0 .net "rd_data_g", 15 0, v000001af155c0d10_0;  1 drivers
v000001af15617b50_0 .net "rd_data_r", 15 0, v000001af15617290_0;  1 drivers
v000001af15617bf0_0 .net "rnw", 0 0, v000001af15616070_0;  1 drivers
v000001af156164d0_0 .net "rst", 0 0, v000001af156173d0_0;  1 drivers
v000001af156166b0_0 .net "scl", 0 0, L_000001af155b5d70;  1 drivers
v000001af15616750_0 .net "sda_in", 0 0, v000001af156175b0_0;  1 drivers
v000001af156167f0_0 .net "sda_oe", 0 0, v000001af155c06d0_0;  1 drivers
v000001af15616890_0 .net "sda_out", 0 0, v000001af155c0270_0;  1 drivers
v000001af15616b10_0 .net "start_stb", 0 0, v000001af156169d0_0;  1 drivers
v000001af15616bb0_0 .net "wr_data_g", 15 0, v000001af156162f0_0;  1 drivers
v000001af15616cf0_0 .net "wr_data_r", 15 0, v000001af15617510_0;  1 drivers
S_000001af155a59d0 .scope module, "generator" "i2c_transaction_generator" 2 28, 3 1 0, S_000001af155a5840;
 .timescale 0 0;
    .port_info 0 /INPUT 1 "clk";
    .port_info 1 /INPUT 1 "rst";
    .port_info 2 /INPUT 1 "start_stb";
    .port_info 3 /INPUT 1 "rnw";
    .port_info 4 /INPUT 7 "i2c_addr";
    .port_info 5 /INPUT 16 "wr_data";
    .port_info 6 /INPUT 1 "sda_in";
    .port_info 7 /OUTPUT 1 "scl";
    .port_info 8 /OUTPUT 1 "sda_out";
    .port_info 9 /OUTPUT 1 "sda_oe";
    .port_info 10 /OUTPUT 16 "rd_data";
P_000001af155aa500 .param/l "ACK" 1 3 24, C4<0011>;
P_000001af155aa538 .param/l "ESCRITURA_1" 1 3 26, C4<0101>;
P_000001af155aa570 .param/l "ESCRITURA_2" 1 3 28, C4<0111>;
P_000001af155aa5a8 .param/l "IDLE" 1 3 21, C4<0000>;
P_000001af155aa5e0 .param/l "LECTURA_1" 1 3 25, C4<0100>;
P_000001af155aa618 .param/l "LECTURA_2" 1 3 29, C4<1000>;
P_000001af155aa650 .param/l "SLAVE_ADDRESS" 1 3 23, C4<0010>;
P_000001af155aa688 .param/l "START" 1 3 22, C4<0001>;
P_000001af155aa6c0 .param/l "STOP" 1 3 27, C4<0110>;
P_000001af155aa6f8 .param/l "WAITACK" 1 3 30, C4<1001>;
P_000001af155aa730 .param/l "WAITACK_2" 1 3 31, C4<1010>;
L_000001af155b5ec0 .functor OR 1, L_000001af15616d90, L_000001af1561a220, C4<0>, C4<0>;
L_000001af155b5590 .functor OR 1, L_000001af155b5ec0, L_000001af15619aa0, C4<0>, C4<0>;
L_000001af155b5d70 .functor OR 1, L_000001af155b5590, L_000001af15618740, C4<0>, C4<0>;
v000001af155c0b30_0 .var "EstPresente", 3 0;
v000001af155c0130_0 .var "ProxEstado", 3 0;
v000001af155c0c70_0 .net *"_ivl_1", 0 0, L_000001af15616d90;  1 drivers
v000001af155c08b0_0 .net *"_ivl_10", 0 0, L_000001af15619aa0;  1 drivers
v000001af155c0770_0 .net *"_ivl_13", 0 0, L_000001af155b5590;  1 drivers
L_000001af15630118 .functor BUFT 1, C4<0110>, C4<0>, C4<0>, C4<0>;
v000001af155c0950_0 .net/2u *"_ivl_14", 3 0, L_000001af15630118;  1 drivers
v000001af155c0590_0 .net *"_ivl_16", 0 0, L_000001af15618740;  1 drivers
L_000001af15630088 .functor BUFT 1, C4<0000>, C4<0>, C4<0>, C4<0>;
v000001af155c03b0_0 .net/2u *"_ivl_2", 3 0, L_000001af15630088;  1 drivers
v000001af155c0db0_0 .net *"_ivl_4", 0 0, L_000001af1561a220;  1 drivers
v000001af155c01d0_0 .net *"_ivl_7", 0 0, L_000001af155b5ec0;  1 drivers
L_000001af156300d0 .functor BUFT 1, C4<0001>, C4<0>, C4<0>, C4<0>;
v000001af155bfff0_0 .net/2u *"_ivl_8", 3 0, L_000001af156300d0;  1 drivers
v000001af155c0a90_0 .var "bit_counter", 3 0;
v000001af155c0090_0 .net "clk", 0 0, v000001af156171f0_0;  alias, 1 drivers
v000001af155c0630_0 .var "contador_scl", 1 0;
v000001af155bfeb0_0 .net "i2c_addr", 6 0, v000001af156178d0_0;  alias, 1 drivers
v000001af155c0bd0_0 .var "i2c_direccion_rw", 7 0;
v000001af155c0450_0 .var "prox_bit_counter", 3 0;
v000001af155c09f0_0 .var "prox_contador_scl", 1 0;
v000001af155c0d10_0 .var "rd_data", 15 0;
v000001af155c0810_0 .net "rnw", 0 0, v000001af15616070_0;  alias, 1 drivers
v000001af155c0310_0 .net "rst", 0 0, v000001af156173d0_0;  alias, 1 drivers
v000001af155c04f0_0 .net "scl", 0 0, L_000001af155b5d70;  alias, 1 drivers
v000001af155bff50_0 .net "sda_in", 0 0, v000001af156175b0_0;  alias, 1 drivers
v000001af155c06d0_0 .var "sda_oe", 0 0;
v000001af155c0270_0 .var "sda_out", 0 0;
v000001af15616c50_0 .net "start_stb", 0 0, v000001af156169d0_0;  alias, 1 drivers
v000001af15617790_0 .net "wr_data", 15 0, v000001af156162f0_0;  alias, 1 drivers
E_000001af155b3950/0 .event anyedge, v000001af155c0b30_0, v000001af155c0630_0, v000001af15616c50_0, v000001af155c0a90_0;
E_000001af155b3950/1 .event anyedge, v000001af155c0bd0_0, v000001af155bff50_0, v000001af15617790_0, v000001af155c0810_0;
E_000001af155b3950 .event/or E_000001af155b3950/0, E_000001af155b3950/1;
E_000001af155b3fd0 .event posedge, v000001af155c0090_0;
L_000001af15616d90 .part v000001af155c0630_0, 1, 1;
L_000001af1561a220 .cmp/eq 4, v000001af155c0b30_0, L_000001af15630088;
L_000001af15619aa0 .cmp/eq 4, v000001af155c0b30_0, L_000001af156300d0;
L_000001af15618740 .cmp/eq 4, v000001af155c0b30_0, L_000001af15630118;
S_000001af155aa770 .scope module, "receiver" "i2c_transaction_receiver" 2 43, 4 1 0, S_000001af155a5840;
 .timescale 0 0;
    .port_info 0 /INPUT 1 "clk";
    .port_info 1 /INPUT 1 "rst";
    .port_info 2 /OUTPUT 7 "i2c_addr";
    .port_info 3 /INPUT 1 "scl";
    .port_info 4 /INPUT 1 "sda_out";
    .port_info 5 /INPUT 1 "sda_oe";
    .port_info 6 /OUTPUT 1 "sda_in";
    .port_info 7 /OUTPUT 16 "wr_data";
    .port_info 8 /INPUT 16 "rd_data";
P_000001af15542d20 .param/l "ACK" 1 4 20, C4<0011>;
P_000001af15542d58 .param/l "DATA" 1 4 21, C4<0100>;
P_000001af15542d90 .param/l "DATA_2" 1 4 23, C4<0110>;
P_000001af15542dc8 .param/l "ESPERA" 1 4 18, C4<0000>;
P_000001af15542e00 .param/l "SLAVE_ADDRESS" 1 4 19, C4<0010>;
P_000001af15542e38 .param/l "WAITACK" 1 4 22, C4<0101>;
P_000001af15542e70 .param/l "WAITACK_2" 1 4 24, C4<0111>;
L_000001af155b5600 .functor AND 1, L_000001af155b5d70, L_000001af15619280, C4<1>, C4<1>;
L_000001af155b5de0 .functor AND 1, L_000001af155b5600, v000001af156173d0_0, C4<1>, C4<1>;
L_000001af155b5d00 .functor AND 1, L_000001af15619320, v000001af156161b0_0, C4<1>, C4<1>;
L_000001af155b5050 .functor AND 1, L_000001af155b5d00, v000001af156173d0_0, C4<1>, C4<1>;
v000001af15616ed0_0 .var "EstPresente", 3 0;
v000001af15616f70_0 .var "ProxEstado", 3 0;
v000001af15616610_0 .net *"_ivl_1", 0 0, L_000001af15619280;  1 drivers
v000001af15617dd0_0 .net *"_ivl_3", 0 0, L_000001af155b5600;  1 drivers
v000001af15617150_0 .net *"_ivl_7", 0 0, L_000001af15619320;  1 drivers
v000001af156176f0_0 .net *"_ivl_9", 0 0, L_000001af155b5d00;  1 drivers
v000001af15617d30_0 .var "bit_counter", 3 0;
v000001af15617330_0 .net "clk", 0 0, v000001af156171f0_0;  alias, 1 drivers
v000001af15616570_0 .var "i2c_addr", 6 0;
v000001af15616930_0 .net "negedge_scl", 0 0, L_000001af155b5050;  1 drivers
v000001af15616430_0 .net "posedge_scl", 0 0, L_000001af155b5de0;  1 drivers
v000001af15617e70_0 .var "prox_bit_counter", 3 0;
v000001af15617f10_0 .net "rd_data", 15 0, v000001af15617290_0;  alias, 1 drivers
v000001af15617830_0 .net "rst", 0 0, v000001af156173d0_0;  alias, 1 drivers
v000001af156170b0_0 .net "scl", 0 0, L_000001af155b5d70;  alias, 1 drivers
v000001af156161b0_0 .var "scl_prev", 0 0;
v000001af156175b0_0 .var "sda_in", 0 0;
v000001af15617470_0 .net "sda_oe", 0 0, v000001af155c06d0_0;  alias, 1 drivers
v000001af15616e30_0 .net "sda_out", 0 0, v000001af155c0270_0;  alias, 1 drivers
v000001af15617510_0 .var "wr_data", 15 0;
E_000001af155b43d0/0 .event anyedge, v000001af15616ed0_0, v000001af15617d30_0, v000001af155c0270_0, v000001af155c04f0_0;
E_000001af155b43d0/1 .event anyedge, v000001af15616430_0, v000001af155c06d0_0, v000001af15617f10_0;
E_000001af155b43d0 .event/or E_000001af155b43d0/0, E_000001af155b43d0/1;
L_000001af15619280 .reduce/nor v000001af156161b0_0;
L_000001af15619320 .reduce/nor L_000001af155b5d70;
S_000001af15542fc0 .scope module, "tester" "tester_i2c" 2 56, 5 1 0, S_000001af155a5840;
 .timescale 0 0;
    .port_info 0 /OUTPUT 1 "clk";
    .port_info 1 /OUTPUT 1 "rst";
    .port_info 2 /OUTPUT 1 "start_stb";
    .port_info 3 /OUTPUT 1 "rnw";
    .port_info 4 /OUTPUT 7 "i2c_addr_g";
    .port_info 5 /OUTPUT 16 "wr_data_g";
    .port_info 6 /OUTPUT 16 "rd_data_r";
    .port_info 7 /INPUT 16 "rd_data_g";
    .port_info 8 /INPUT 1 "scl";
    .port_info 9 /INPUT 1 "sda_out";
    .port_info 10 /INPUT 1 "sda_oe";
    .port_info 11 /INPUT 1 "sda_in";
v000001af156171f0_0 .var "clk", 0 0;
v000001af156178d0_0 .var "i2c_addr_g", 6 0;
v000001af15617650_0 .net "rd_data_g", 15 0, v000001af155c0d10_0;  alias, 1 drivers
v000001af15617290_0 .var "rd_data_r", 15 0;
v000001af15616070_0 .var "rnw", 0 0;
v000001af156173d0_0 .var "rst", 0 0;
v000001af15617970_0 .net "scl", 0 0, L_000001af155b5d70;  alias, 1 drivers
v000001af15616250_0 .net "sda_in", 0 0, v000001af156175b0_0;  alias, 1 drivers
v000001af15616110_0 .net "sda_oe", 0 0, v000001af155c06d0_0;  alias, 1 drivers
v000001af15617c90_0 .net "sda_out", 0 0, v000001af155c0270_0;  alias, 1 drivers
v000001af156169d0_0 .var "start_stb", 0 0;
v000001af156162f0_0 .var "wr_data_g", 15 0;
    .scope S_000001af155a59d0;
T_0 ;
    %wait E_000001af155b3fd0;
    %load/vec4 v000001af155c0310_0;
    %inv;
    %flag_set/vec4 8;
    %jmp/0xz  T_0.0, 8;
    %pushi/vec4 0, 0, 2;
    %assign/vec4 v000001af155c0630_0, 0;
    %pushi/vec4 0, 0, 4;
    %assign/vec4 v000001af155c0a90_0, 0;
    %pushi/vec4 1, 0, 1;
    %assign/vec4 v000001af155c0270_0, 0;
    %pushi/vec4 1, 0, 1;
    %assign/vec4 v000001af155c06d0_0, 0;
    %pushi/vec4 0, 0, 4;
    %assign/vec4 v000001af155c0b30_0, 0;
    %pushi/vec4 0, 0, 16;
    %assign/vec4 v000001af155c0d10_0, 0;
    %load/vec4 v000001af155bfeb0_0;
    %load/vec4 v000001af155c0810_0;
    %concat/vec4; draw_concat_vec4
    %assign/vec4 v000001af155c0bd0_0, 0;
    %jmp T_0.1;
T_0.0 ;
    %load/vec4 v000001af155c09f0_0;
    %assign/vec4 v000001af155c0630_0, 0;
    %load/vec4 v000001af155c0130_0;
    %assign/vec4 v000001af155c0b30_0, 0;
    %load/vec4 v000001af155c0450_0;
    %assign/vec4 v000001af155c0a90_0, 0;
    %load/vec4 v000001af155c0630_0;
    %cmpi/e 2, 0, 2;
    %flag_get/vec4 4;
    %jmp/0 T_0.5, 4;
    %load/vec4 v000001af155c06d0_0;
    %nor/r;
    %and;
T_0.5;
    %flag_set/vec4 9;
    %flag_get/vec4 9;
    %jmp/0 T_0.4, 9;
    %load/vec4 v000001af155c0b30_0;
    %cmpi/e 4, 0, 4;
    %flag_get/vec4 4;
    %jmp/1 T_0.6, 4;
    %load/vec4 v000001af155c0b30_0;
    %cmpi/e 8, 0, 4;
    %flag_get/vec4 4;
    %jmp/0 T_0.7, 4;
    %load/vec4 v000001af155c0a90_0;
    %pad/u 32;
    %cmpi/u 7, 0, 32;
    %flag_get/vec4 4;
    %flag_get/vec4 5;
    %or;
    %and;
T_0.7;
    %or;
T_0.6;
    %and;
T_0.4;
    %flag_set/vec4 8;
    %jmp/0xz  T_0.2, 8;
    %load/vec4 v000001af155c0d10_0;
    %parti/s 15, 0, 2;
    %load/vec4 v000001af155bff50_0;
    %concat/vec4; draw_concat_vec4
    %assign/vec4 v000001af155c0d10_0, 0;
T_0.2 ;
T_0.1 ;
    %jmp T_0;
    .thread T_0;
    .scope S_000001af155a59d0;
T_1 ;
    %wait E_000001af155b3950;
    %load/vec4 v000001af155c0b30_0;
    %store/vec4 v000001af155c0130_0, 0, 4;
    %load/vec4 v000001af155c0630_0;
    %addi 1, 0, 2;
    %store/vec4 v000001af155c09f0_0, 0, 2;
    %load/vec4 v000001af155c0b30_0;
    %dup/vec4;
    %pushi/vec4 0, 0, 4;
    %cmp/u;
    %jmp/1 T_1.0, 6;
    %dup/vec4;
    %pushi/vec4 1, 0, 4;
    %cmp/u;
    %jmp/1 T_1.1, 6;
    %dup/vec4;
    %pushi/vec4 2, 0, 4;
    %cmp/u;
    %jmp/1 T_1.2, 6;
    %dup/vec4;
    %pushi/vec4 3, 0, 4;
    %cmp/u;
    %jmp/1 T_1.3, 6;
    %dup/vec4;
    %pushi/vec4 5, 0, 4;
    %cmp/u;
    %jmp/1 T_1.4, 6;
    %dup/vec4;
    %pushi/vec4 4, 0, 4;
    %cmp/u;
    %jmp/1 T_1.5, 6;
    %dup/vec4;
    %pushi/vec4 9, 0, 4;
    %cmp/u;
    %jmp/1 T_1.6, 6;
    %dup/vec4;
    %pushi/vec4 7, 0, 4;
    %cmp/u;
    %jmp/1 T_1.7, 6;
    %dup/vec4;
    %pushi/vec4 8, 0, 4;
    %cmp/u;
    %jmp/1 T_1.8, 6;
    %dup/vec4;
    %pushi/vec4 10, 0, 4;
    %cmp/u;
    %jmp/1 T_1.9, 6;
    %dup/vec4;
    %pushi/vec4 6, 0, 4;
    %cmp/u;
    %jmp/1 T_1.10, 6;
    %jmp T_1.11;
T_1.0 ;
    %pushi/vec4 1, 0, 1;
    %store/vec4 v000001af155c0270_0, 0, 1;
    %pushi/vec4 1, 0, 1;
    %store/vec4 v000001af155c06d0_0, 0, 1;
    %load/vec4 v000001af15616c50_0;
    %flag_set/vec4 8;
    %jmp/0xz  T_1.12, 8;
    %pushi/vec4 1, 0, 4;
    %store/vec4 v000001af155c0130_0, 0, 4;
    %jmp T_1.13;
T_1.12 ;
    %pushi/vec4 0, 0, 4;
    %store/vec4 v000001af155c0130_0, 0, 4;
T_1.13 ;
    %jmp T_1.11;
T_1.1 ;
    %pushi/vec4 0, 0, 1;
    %store/vec4 v000001af155c0270_0, 0, 1;
    %pushi/vec4 1, 0, 1;
    %store/vec4 v000001af155c06d0_0, 0, 1;
    %pushi/vec4 2, 0, 4;
    %store/vec4 v000001af155c0130_0, 0, 4;
    %pushi/vec4 7, 0, 4;
    %store/vec4 v000001af155c0450_0, 0, 4;
    %jmp T_1.11;
T_1.2 ;
    %pushi/vec4 1, 0, 1;
    %store/vec4 v000001af155c06d0_0, 0, 1;
    %load/vec4 v000001af155c0630_0;
    %cmpi/e 2, 0, 2;
    %jmp/0xz  T_1.14, 4;
    %load/vec4 v000001af155c0bd0_0;
    %load/vec4 v000001af155c0a90_0;
    %part/u 1;
    %store/vec4 v000001af155c0270_0, 0, 1;
    %load/vec4 v000001af155c0a90_0;
    %subi 1, 0, 4;
    %store/vec4 v000001af155c0450_0, 0, 4;
    %load/vec4 v000001af155c0a90_0;
    %pad/u 32;
    %cmpi/e 0, 0, 32;
    %jmp/0xz  T_1.16, 4;
    %pushi/vec4 0, 0, 1;
    %store/vec4 v000001af155c06d0_0, 0, 1;
    %pushi/vec4 3, 0, 4;
    %store/vec4 v000001af155c0130_0, 0, 4;
    %jmp T_1.17;
T_1.16 ;
    %pushi/vec4 2, 0, 4;
    %store/vec4 v000001af155c0130_0, 0, 4;
T_1.17 ;
    %jmp T_1.15;
T_1.14 ;
    %pushi/vec4 2, 0, 4;
    %store/vec4 v000001af155c0130_0, 0, 4;
T_1.15 ;
    %jmp T_1.11;
T_1.3 ;
    %pushi/vec4 0, 0, 1;
    %store/vec4 v000001af155c06d0_0, 0, 1;
    %pushi/vec4 15, 0, 4;
    %store/vec4 v000001af155c0450_0, 0, 4;
    %load/vec4 v000001af155c0630_0;
    %cmpi/e 2, 0, 2;
    %flag_get/vec4 4;
    %jmp/0 T_1.20, 4;
    %load/vec4 v000001af155bff50_0;
    %pushi/vec4 0, 0, 1;
    %cmp/e;
    %flag_get/vec4 4;
    %and;
T_1.20;
    %flag_set/vec4 8;
    %jmp/0xz  T_1.18, 8;
    %load/vec4 v000001af155c0bd0_0;
    %parti/s 1, 0, 2;
    %flag_set/vec4 8;
    %jmp/0xz  T_1.21, 8;
    %pushi/vec4 4, 0, 4;
    %store/vec4 v000001af155c0130_0, 0, 4;
    %jmp T_1.22;
T_1.21 ;
    %pushi/vec4 5, 0, 4;
    %store/vec4 v000001af155c0130_0, 0, 4;
T_1.22 ;
    %jmp T_1.19;
T_1.18 ;
    %pushi/vec4 3, 0, 4;
    %store/vec4 v000001af155c0130_0, 0, 4;
T_1.19 ;
    %jmp T_1.11;
T_1.4 ;
    %pushi/vec4 1, 0, 1;
    %store/vec4 v000001af155c06d0_0, 0, 1;
    %load/vec4 v000001af155c0630_0;
    %cmpi/e 2, 0, 2;
    %jmp/0xz  T_1.23, 4;
    %load/vec4 v000001af15617790_0;
    %load/vec4 v000001af155c0a90_0;
    %part/u 1;
    %store/vec4 v000001af155c0270_0, 0, 1;
    %load/vec4 v000001af155c0a90_0;
    %subi 1, 0, 4;
    %store/vec4 v000001af155c0450_0, 0, 4;
    %load/vec4 v000001af155c0a90_0;
    %pad/u 32;
    %cmpi/e 8, 0, 32;
    %jmp/0xz  T_1.25, 4;
    %pushi/vec4 9, 0, 4;
    %store/vec4 v000001af155c0130_0, 0, 4;
    %jmp T_1.26;
T_1.25 ;
    %pushi/vec4 5, 0, 4;
    %store/vec4 v000001af155c0130_0, 0, 4;
T_1.26 ;
    %jmp T_1.24;
T_1.23 ;
    %pushi/vec4 5, 0, 4;
    %store/vec4 v000001af155c0130_0, 0, 4;
T_1.24 ;
    %jmp T_1.11;
T_1.5 ;
    %pushi/vec4 0, 0, 1;
    %store/vec4 v000001af155c06d0_0, 0, 1;
    %load/vec4 v000001af155c0630_0;
    %cmpi/e 2, 0, 2;
    %jmp/0xz  T_1.27, 4;
    %load/vec4 v000001af155c0a90_0;
    %subi 1, 0, 4;
    %store/vec4 v000001af155c0450_0, 0, 4;
    %load/vec4 v000001af155c0a90_0;
    %pad/u 32;
    %cmpi/e 8, 0, 32;
    %jmp/0xz  T_1.29, 4;
    %pushi/vec4 9, 0, 4;
    %store/vec4 v000001af155c0130_0, 0, 4;
    %jmp T_1.30;
T_1.29 ;
    %pushi/vec4 4, 0, 4;
    %store/vec4 v000001af155c0130_0, 0, 4;
T_1.30 ;
    %jmp T_1.28;
T_1.27 ;
    %pushi/vec4 4, 0, 4;
    %store/vec4 v000001af155c0130_0, 0, 4;
T_1.28 ;
    %jmp T_1.11;
T_1.6 ;
    %load/vec4 v000001af155c0630_0;
    %cmpi/e 2, 0, 2;
    %jmp/0xz  T_1.31, 4;
    %load/vec4 v000001af155c0810_0;
    %flag_set/vec4 8;
    %jmp/0xz  T_1.33, 8;
    %pushi/vec4 0, 0, 1;
    %store/vec4 v000001af155c0270_0, 0, 1;
    %pushi/vec4 1, 0, 1;
    %store/vec4 v000001af155c06d0_0, 0, 1;
    %pushi/vec4 8, 0, 4;
    %store/vec4 v000001af155c0130_0, 0, 4;
    %pushi/vec4 8, 0, 4;
    %store/vec4 v000001af155c0450_0, 0, 4;
    %jmp T_1.34;
T_1.33 ;
    %pushi/vec4 0, 0, 1;
    %store/vec4 v000001af155c06d0_0, 0, 1;
    %pushi/vec4 0, 0, 1;
    %store/vec4 v000001af155c0270_0, 0, 1;
    %load/vec4 v000001af155bff50_0;
    %flag_set/vec4 8;
    %jmp/0xz  T_1.35, 8;
    %pushi/vec4 9, 0, 4;
    %store/vec4 v000001af155c0130_0, 0, 4;
    %jmp T_1.36;
T_1.35 ;
    %pushi/vec4 7, 0, 4;
    %store/vec4 v000001af155c0130_0, 0, 4;
    %pushi/vec4 7, 0, 4;
    %store/vec4 v000001af155c0450_0, 0, 4;
T_1.36 ;
T_1.34 ;
    %jmp T_1.32;
T_1.31 ;
    %pushi/vec4 9, 0, 4;
    %store/vec4 v000001af155c0130_0, 0, 4;
T_1.32 ;
    %jmp T_1.11;
T_1.7 ;
    %pushi/vec4 1, 0, 1;
    %store/vec4 v000001af155c06d0_0, 0, 1;
    %load/vec4 v000001af155c0630_0;
    %cmpi/e 2, 0, 2;
    %jmp/0xz  T_1.37, 4;
    %load/vec4 v000001af15617790_0;
    %load/vec4 v000001af155c0a90_0;
    %part/u 1;
    %store/vec4 v000001af155c0270_0, 0, 1;
    %load/vec4 v000001af155c0a90_0;
    %subi 1, 0, 4;
    %store/vec4 v000001af155c0450_0, 0, 4;
    %load/vec4 v000001af155c0a90_0;
    %pad/u 32;
    %cmpi/e 0, 0, 32;
    %jmp/0xz  T_1.39, 4;
    %pushi/vec4 10, 0, 4;
    %store/vec4 v000001af155c0130_0, 0, 4;
    %jmp T_1.40;
T_1.39 ;
    %pushi/vec4 7, 0, 4;
    %store/vec4 v000001af155c0130_0, 0, 4;
T_1.40 ;
    %jmp T_1.38;
T_1.37 ;
    %pushi/vec4 7, 0, 4;
    %store/vec4 v000001af155c0130_0, 0, 4;
T_1.38 ;
    %jmp T_1.11;
T_1.8 ;
    %pushi/vec4 0, 0, 1;
    %store/vec4 v000001af155c06d0_0, 0, 1;
    %load/vec4 v000001af155c0630_0;
    %cmpi/e 2, 0, 2;
    %jmp/0xz  T_1.41, 4;
    %load/vec4 v000001af155c0a90_0;
    %subi 1, 0, 4;
    %store/vec4 v000001af155c0450_0, 0, 4;
    %load/vec4 v000001af155c0a90_0;
    %pad/u 32;
    %cmpi/e 0, 0, 32;
    %jmp/0xz  T_1.43, 4;
    %pushi/vec4 10, 0, 4;
    %store/vec4 v000001af155c0130_0, 0, 4;
    %jmp T_1.44;
T_1.43 ;
    %pushi/vec4 8, 0, 4;
    %store/vec4 v000001af155c0130_0, 0, 4;
T_1.44 ;
    %jmp T_1.42;
T_1.41 ;
    %pushi/vec4 8, 0, 4;
    %store/vec4 v000001af155c0130_0, 0, 4;
T_1.42 ;
    %jmp T_1.11;
T_1.9 ;
    %load/vec4 v000001af155c0630_0;
    %cmpi/e 2, 0, 2;
    %jmp/0xz  T_1.45, 4;
    %load/vec4 v000001af155c0810_0;
    %flag_set/vec4 8;
    %jmp/0xz  T_1.47, 8;
    %pushi/vec4 0, 0, 1;
    %store/vec4 v000001af155c0270_0, 0, 1;
    %pushi/vec4 1, 0, 1;
    %store/vec4 v000001af155c06d0_0, 0, 1;
    %pushi/vec4 6, 0, 4;
    %store/vec4 v000001af155c0130_0, 0, 4;
    %jmp T_1.48;
T_1.47 ;
    %pushi/vec4 0, 0, 1;
    %store/vec4 v000001af155c06d0_0, 0, 1;
    %load/vec4 v000001af155bff50_0;
    %flag_set/vec4 8;
    %jmp/0xz  T_1.49, 8;
    %pushi/vec4 10, 0, 4;
    %store/vec4 v000001af155c0130_0, 0, 4;
    %jmp T_1.50;
T_1.49 ;
    %pushi/vec4 6, 0, 4;
    %store/vec4 v000001af155c0130_0, 0, 4;
T_1.50 ;
T_1.48 ;
    %jmp T_1.46;
T_1.45 ;
    %pushi/vec4 10, 0, 4;
    %store/vec4 v000001af155c0130_0, 0, 4;
T_1.46 ;
    %jmp T_1.11;
T_1.10 ;
    %pushi/vec4 1, 0, 1;
    %store/vec4 v000001af155c06d0_0, 0, 1;
    %pushi/vec4 0, 0, 1;
    %store/vec4 v000001af155c0270_0, 0, 1;
    %pushi/vec4 0, 0, 4;
    %store/vec4 v000001af155c0130_0, 0, 4;
    %jmp T_1.11;
T_1.11 ;
    %pop/vec4 1;
    %jmp T_1;
    .thread T_1, $push;
    .scope S_000001af155aa770;
T_2 ;
    %wait E_000001af155b3fd0;
    %load/vec4 v000001af15617830_0;
    %inv;
    %flag_set/vec4 8;
    %jmp/0xz  T_2.0, 8;
    %pushi/vec4 0, 0, 4;
    %assign/vec4 v000001af15616ed0_0, 0;
    %pushi/vec4 1, 0, 1;
    %assign/vec4 v000001af156161b0_0, 0;
    %pushi/vec4 0, 0, 16;
    %assign/vec4 v000001af15617510_0, 0;
    %pushi/vec4 0, 0, 7;
    %assign/vec4 v000001af15616570_0, 0;
    %pushi/vec4 6, 0, 4;
    %assign/vec4 v000001af15617d30_0, 0;
    %pushi/vec4 0, 0, 1;
    %assign/vec4 v000001af156175b0_0, 0;
    %jmp T_2.1;
T_2.0 ;
    %load/vec4 v000001af15616f70_0;
    %assign/vec4 v000001af15616ed0_0, 0;
    %load/vec4 v000001af15617e70_0;
    %assign/vec4 v000001af15617d30_0, 0;
    %load/vec4 v000001af156170b0_0;
    %assign/vec4 v000001af156161b0_0, 0;
    %load/vec4 v000001af15616430_0;
    %flag_set/vec4 10;
    %flag_get/vec4 10;
    %jmp/0 T_2.5, 10;
    %load/vec4 v000001af15617470_0;
    %and;
T_2.5;
    %flag_set/vec4 9;
    %flag_get/vec4 9;
    %jmp/0 T_2.4, 9;
    %load/vec4 v000001af15616ed0_0;
    %cmpi/e 4, 0, 4;
    %flag_get/vec4 4;
    %jmp/0 T_2.7, 4;
    %pushi/vec4 8, 0, 32;
    %load/vec4 v000001af15617d30_0;
    %pad/u 32;
    %cmp/u;
    %flag_get/vec4 4;
    %flag_get/vec4 5;
    %or;
    %and;
T_2.7;
    %flag_set/vec4 9;
    %flag_get/vec4 9;
    %jmp/1 T_2.6, 9;
    %load/vec4 v000001af15616ed0_0;
    %cmpi/e 6, 0, 4;
    %flag_get/vec4 4;
    %jmp/0 T_2.8, 4;
    %load/vec4 v000001af15617d30_0;
    %pad/u 32;
    %cmpi/u 7, 0, 32;
    %flag_get/vec4 4;
    %flag_get/vec4 5;
    %or;
    %and;
T_2.8;
    %or;
T_2.6;
    %and;
T_2.4;
    %flag_set/vec4 8;
    %jmp/0xz  T_2.2, 8;
    %load/vec4 v000001af15617510_0;
    %parti/s 15, 0, 2;
    %load/vec4 v000001af15616e30_0;
    %concat/vec4; draw_concat_vec4
    %assign/vec4 v000001af15617510_0, 0;
T_2.2 ;
    %load/vec4 v000001af15616430_0;
    %flag_set/vec4 10;
    %flag_get/vec4 10;
    %jmp/0 T_2.12, 10;
    %load/vec4 v000001af15616ed0_0;
    %pushi/vec4 2, 0, 4;
    %cmp/e;
    %flag_get/vec4 4;
    %and;
T_2.12;
    %flag_set/vec4 9;
    %flag_get/vec4 9;
    %jmp/0 T_2.11, 9;
    %load/vec4 v000001af15617470_0;
    %and;
T_2.11;
    %flag_set/vec4 8;
    %jmp/0xz  T_2.9, 8;
    %load/vec4 v000001af15616570_0;
    %parti/s 6, 0, 2;
    %load/vec4 v000001af15616e30_0;
    %concat/vec4; draw_concat_vec4
    %assign/vec4 v000001af15616570_0, 0;
T_2.9 ;
T_2.1 ;
    %jmp T_2;
    .thread T_2;
    .scope S_000001af155aa770;
T_3 ;
    %wait E_000001af155b43d0;
    %load/vec4 v000001af15616ed0_0;
    %store/vec4 v000001af15616f70_0, 0, 4;
    %load/vec4 v000001af15617d30_0;
    %store/vec4 v000001af15617e70_0, 0, 4;
    %load/vec4 v000001af15616ed0_0;
    %dup/vec4;
    %pushi/vec4 0, 0, 4;
    %cmp/u;
    %jmp/1 T_3.0, 6;
    %dup/vec4;
    %pushi/vec4 2, 0, 4;
    %cmp/u;
    %jmp/1 T_3.1, 6;
    %dup/vec4;
    %pushi/vec4 3, 0, 4;
    %cmp/u;
    %jmp/1 T_3.2, 6;
    %dup/vec4;
    %pushi/vec4 4, 0, 4;
    %cmp/u;
    %jmp/1 T_3.3, 6;
    %dup/vec4;
    %pushi/vec4 5, 0, 4;
    %cmp/u;
    %jmp/1 T_3.4, 6;
    %dup/vec4;
    %pushi/vec4 6, 0, 4;
    %cmp/u;
    %jmp/1 T_3.5, 6;
    %dup/vec4;
    %pushi/vec4 7, 0, 4;
    %cmp/u;
    %jmp/1 T_3.6, 6;
    %jmp T_3.7;
T_3.0 ;
    %load/vec4 v000001af15616e30_0;
    %nor/r;
    %flag_set/vec4 9;
    %flag_get/vec4 9;
    %jmp/0 T_3.10, 9;
    %load/vec4 v000001af156170b0_0;
    %and;
T_3.10;
    %flag_set/vec4 8;
    %jmp/0xz  T_3.8, 8;
    %pushi/vec4 2, 0, 4;
    %store/vec4 v000001af15616f70_0, 0, 4;
    %pushi/vec4 7, 0, 4;
    %store/vec4 v000001af15617e70_0, 0, 4;
T_3.8 ;
    %jmp T_3.7;
T_3.1 ;
    %load/vec4 v000001af15616430_0;
    %flag_set/vec4 8;
    %jmp/0xz  T_3.11, 8;
    %load/vec4 v000001af15617d30_0;
    %subi 1, 0, 4;
    %store/vec4 v000001af15617e70_0, 0, 4;
    %load/vec4 v000001af15617d30_0;
    %pad/u 32;
    %cmpi/e 0, 0, 32;
    %jmp/0xz  T_3.13, 4;
    %pushi/vec4 3, 0, 4;
    %store/vec4 v000001af15616f70_0, 0, 4;
T_3.13 ;
T_3.11 ;
    %jmp T_3.7;
T_3.2 ;
    %load/vec4 v000001af15616430_0;
    %flag_set/vec4 8;
    %jmp/0xz  T_3.15, 8;
    %pushi/vec4 0, 0, 1;
    %store/vec4 v000001af156175b0_0, 0, 1;
    %pushi/vec4 4, 0, 4;
    %store/vec4 v000001af15616f70_0, 0, 4;
    %pushi/vec4 15, 0, 4;
    %store/vec4 v000001af15617e70_0, 0, 4;
T_3.15 ;
    %jmp T_3.7;
T_3.3 ;
    %load/vec4 v000001af15616430_0;
    %flag_set/vec4 8;
    %jmp/0xz  T_3.17, 8;
    %load/vec4 v000001af15617470_0;
    %flag_set/vec4 8;
    %jmp/0xz  T_3.19, 8;
    %pushi/vec4 0, 0, 1;
    %store/vec4 v000001af156175b0_0, 0, 1;
    %load/vec4 v000001af15617d30_0;
    %subi 1, 0, 4;
    %store/vec4 v000001af15617e70_0, 0, 4;
    %load/vec4 v000001af15617d30_0;
    %pad/u 32;
    %cmpi/e 8, 0, 32;
    %jmp/0xz  T_3.21, 4;
    %pushi/vec4 5, 0, 4;
    %store/vec4 v000001af15616f70_0, 0, 4;
T_3.21 ;
    %jmp T_3.20;
T_3.19 ;
    %load/vec4 v000001af15617f10_0;
    %load/vec4 v000001af15617d30_0;
    %part/u 1;
    %store/vec4 v000001af156175b0_0, 0, 1;
    %load/vec4 v000001af15617d30_0;
    %subi 1, 0, 4;
    %store/vec4 v000001af15617e70_0, 0, 4;
    %load/vec4 v000001af15617d30_0;
    %pad/u 32;
    %cmpi/e 8, 0, 32;
    %jmp/0xz  T_3.23, 4;
    %pushi/vec4 5, 0, 4;
    %store/vec4 v000001af15616f70_0, 0, 4;
T_3.23 ;
T_3.20 ;
T_3.17 ;
    %jmp T_3.7;
T_3.4 ;
    %load/vec4 v000001af15616430_0;
    %flag_set/vec4 8;
    %jmp/0xz  T_3.25, 8;
    %load/vec4 v000001af15617470_0;
    %flag_set/vec4 8;
    %jmp/0xz  T_3.27, 8;
    %pushi/vec4 0, 0, 1;
    %store/vec4 v000001af156175b0_0, 0, 1;
    %load/vec4 v000001af15616e30_0;
    %flag_set/vec4 8;
    %jmp/0xz  T_3.29, 8;
    %pushi/vec4 5, 0, 4;
    %store/vec4 v000001af15616f70_0, 0, 4;
    %jmp T_3.30;
T_3.29 ;
    %pushi/vec4 6, 0, 4;
    %store/vec4 v000001af15616f70_0, 0, 4;
T_3.30 ;
    %pushi/vec4 8, 0, 4;
    %store/vec4 v000001af15617e70_0, 0, 4;
    %jmp T_3.28;
T_3.27 ;
    %pushi/vec4 6, 0, 4;
    %store/vec4 v000001af15616f70_0, 0, 4;
    %pushi/vec4 7, 0, 4;
    %store/vec4 v000001af15617e70_0, 0, 4;
T_3.28 ;
T_3.25 ;
    %jmp T_3.7;
T_3.5 ;
    %load/vec4 v000001af15616430_0;
    %flag_set/vec4 8;
    %jmp/0xz  T_3.31, 8;
    %load/vec4 v000001af15617470_0;
    %flag_set/vec4 8;
    %jmp/0xz  T_3.33, 8;
    %pushi/vec4 0, 0, 1;
    %store/vec4 v000001af156175b0_0, 0, 1;
    %load/vec4 v000001af15617d30_0;
    %subi 1, 0, 4;
    %store/vec4 v000001af15617e70_0, 0, 4;
    %load/vec4 v000001af15617d30_0;
    %pad/u 32;
    %cmpi/e 0, 0, 32;
    %jmp/0xz  T_3.35, 4;
    %pushi/vec4 7, 0, 4;
    %store/vec4 v000001af15616f70_0, 0, 4;
T_3.35 ;
    %jmp T_3.34;
T_3.33 ;
    %load/vec4 v000001af15617f10_0;
    %load/vec4 v000001af15617d30_0;
    %part/u 1;
    %store/vec4 v000001af156175b0_0, 0, 1;
    %load/vec4 v000001af15617d30_0;
    %subi 1, 0, 4;
    %store/vec4 v000001af15617e70_0, 0, 4;
    %load/vec4 v000001af15617d30_0;
    %pad/u 32;
    %cmpi/e 0, 0, 32;
    %jmp/0xz  T_3.37, 4;
    %pushi/vec4 7, 0, 4;
    %store/vec4 v000001af15616f70_0, 0, 4;
T_3.37 ;
T_3.34 ;
T_3.31 ;
    %jmp T_3.7;
T_3.6 ;
    %load/vec4 v000001af15616430_0;
    %flag_set/vec4 8;
    %jmp/0xz  T_3.39, 8;
    %load/vec4 v000001af15617470_0;
    %flag_set/vec4 8;
    %jmp/0xz  T_3.41, 8;
    %pushi/vec4 0, 0, 1;
    %store/vec4 v000001af156175b0_0, 0, 1;
    %load/vec4 v000001af15616e30_0;
    %flag_set/vec4 8;
    %jmp/0xz  T_3.43, 8;
    %pushi/vec4 7, 0, 4;
    %store/vec4 v000001af15616f70_0, 0, 4;
    %jmp T_3.44;
T_3.43 ;
    %pushi/vec4 0, 0, 4;
    %store/vec4 v000001af15616f70_0, 0, 4;
T_3.44 ;
    %jmp T_3.42;
T_3.41 ;
    %pushi/vec4 0, 0, 4;
    %store/vec4 v000001af15616f70_0, 0, 4;
T_3.42 ;
T_3.39 ;
    %jmp T_3.7;
T_3.7 ;
    %pop/vec4 1;
    %jmp T_3;
    .thread T_3, $push;
    .scope S_000001af15542fc0;
T_4 ;
    %delay 5, 0;
    %load/vec4 v000001af156171f0_0;
    %inv;
    %store/vec4 v000001af156171f0_0, 0, 1;
    %jmp T_4;
    .thread T_4;
    .scope S_000001af15542fc0;
T_5 ;
    %pushi/vec4 0, 0, 1;
    %store/vec4 v000001af156171f0_0, 0, 1;
    %pushi/vec4 0, 0, 1;
    %store/vec4 v000001af156173d0_0, 0, 1;
    %pushi/vec4 0, 0, 1;
    %store/vec4 v000001af156169d0_0, 0, 1;
    %pushi/vec4 0, 0, 1;
    %store/vec4 v000001af15616070_0, 0, 1;
    %pushi/vec4 94, 0, 7;
    %store/vec4 v000001af156178d0_0, 0, 7;
    %pushi/vec4 43971, 0, 16;
    %store/vec4 v000001af156162f0_0, 0, 16;
    %pushi/vec4 21676, 0, 16;
    %store/vec4 v000001af15617290_0, 0, 16;
    %delay 10, 0;
    %pushi/vec4 0, 0, 1;
    %store/vec4 v000001af156173d0_0, 0, 1;
    %delay 20, 0;
    %pushi/vec4 1, 0, 1;
    %store/vec4 v000001af156173d0_0, 0, 1;
    %delay 30, 0;
    %pushi/vec4 1, 0, 1;
    %store/vec4 v000001af156169d0_0, 0, 1;
    %delay 10, 0;
    %pushi/vec4 0, 0, 1;
    %store/vec4 v000001af156169d0_0, 0, 1;
    %delay 1200, 0;
    %vpi_call 5 42 "$finish" {0 0 0};
    %end;
    .thread T_5;
    .scope S_000001af155a5840;
T_6 ;
    %vpi_call 2 73 "$dumpfile", "prueba1.vcd" {0 0 0};
    %vpi_call 2 74 "$dumpvars", 32'sb00000000000000000000000000000000, S_000001af155a5840 {0 0 0};
    %end;
    .thread T_6;
# The file index is used to find the file name in the following table.
:file_names 6;
    "N/A";
    "<interactive>";
    "tb.v";
    "./generadorI2C.v";
    "./receptor_i2c.v";
    "./tester_i2c.v";
