#! /c/Source/iverilog-install/bin/vvp
:ivl_version "12.0 (devel)" "(s20150603-1539-g2693dd32b)";
:ivl_delay_selection "TYPICAL";
:vpi_time_precision + 0;
:vpi_module "C:\iverilog\lib\ivl\system.vpi";
:vpi_module "C:\iverilog\lib\ivl\vhdl_sys.vpi";
:vpi_module "C:\iverilog\lib\ivl\vhdl_textio.vpi";
:vpi_module "C:\iverilog\lib\ivl\v2005_math.vpi";
:vpi_module "C:\iverilog\lib\ivl\va_math.vpi";
S_000001f37a132db0 .scope module, "generador_i2c" "generador_i2c" 2 1;
 .timescale 0 0;
    .port_info 0 /INPUT 1 "clk";
    .port_info 1 /INPUT 1 "reset";
    .port_info 2 /INPUT 1 "start_stb";
    .port_info 3 /INPUT 1 "rnw";
    .port_info 4 /INPUT 1 "sda_in";
    .port_info 5 /INPUT 7 "i2c_addr";
    .port_info 6 /INPUT 16 "wr_data";
    .port_info 7 /OUTPUT 1 "scl";
    .port_info 8 /OUTPUT 1 "sda_out";
    .port_info 9 /OUTPUT 1 "sda_oe";
    .port_info 10 /OUTPUT 16 "rd_data";
P_000001f37a119ee0 .param/l "ADDR" 1 2 9, C4<010>;
P_000001f37a119f18 .param/l "DATA" 1 2 9, C4<011>;
P_000001f37a119f50 .param/l "IDLE" 1 2 9, C4<000>;
P_000001f37a119f88 .param/l "START" 1 2 9, C4<001>;
P_000001f37a119fc0 .param/l "STOP" 1 2 9, C4<100>;
v000001f37a133000_0 .var "ack_received", 0 0;
v000001f37a1c4850_0 .var "bit_count", 3 0;
o000001f37a174038 .functor BUFZ 1, C4<z>; HiZ drive
v000001f37a1c48f0_0 .net "clk", 0 0, o000001f37a174038;  0 drivers
v000001f37a1c4990_0 .var "contador_scl", 2 0;
v000001f37a1c4a30_0 .var "estado", 2 0;
o000001f37a1740c8 .functor BUFZ 7, C4<zzzzzzz>; HiZ drive
v000001f37a1c4ad0_0 .net "i2c_addr", 6 0, o000001f37a1740c8;  0 drivers
v000001f37a1c4b70_0 .var "prox_bit_count", 3 0;
v000001f37a1c4c10_0 .var "prox_contador_scl", 2 0;
v000001f37a1c4cb0_0 .var "prox_estado", 2 0;
v000001f37a1c4d50_0 .var "rd_data", 15 0;
o000001f37a1741b8 .functor BUFZ 1, C4<z>; HiZ drive
v000001f37a1c4df0_0 .net "reset", 0 0, o000001f37a1741b8;  0 drivers
o000001f37a1741e8 .functor BUFZ 1, C4<z>; HiZ drive
v000001f37a1c4e90_0 .net "rnw", 0 0, o000001f37a1741e8;  0 drivers
v000001f37a1c4f30_0 .var "scl", 0 0;
o000001f37a174248 .functor BUFZ 1, C4<z>; HiZ drive
v000001f37a1c4fd0_0 .net "sda_in", 0 0, o000001f37a174248;  0 drivers
v000001f37a1621f0_0 .var "sda_oe", 0 0;
v000001f37a1620b0_0 .var "sda_out", 0 0;
o000001f37a1742d8 .functor BUFZ 1, C4<z>; HiZ drive
v000001f37a1625b0_0 .net "start_stb", 0 0, o000001f37a1742d8;  0 drivers
o000001f37a174308 .functor BUFZ 16, C4<zzzzzzzzzzzzzzzz>; HiZ drive
v000001f37a1616b0_0 .net "wr_data", 15 0, o000001f37a174308;  0 drivers
E_000001f37a156080/0 .event anyedge, v000001f37a1c4a30_0, v000001f37a1c4850_0, v000001f37a1625b0_0, v000001f37a1c4f30_0;
E_000001f37a156080/1 .event anyedge, v000001f37a1c4ad0_0, v000001f37a1c4e90_0, v000001f37a1616b0_0, v000001f37a1c4fd0_0;
E_000001f37a156080 .event/or E_000001f37a156080/0, E_000001f37a156080/1;
E_000001f37a156500 .event anyedge, v000001f37a1c4990_0;
E_000001f37a156380 .event posedge, v000001f37a1c48f0_0;
    .scope S_000001f37a132db0;
T_0 ;
    %wait E_000001f37a156380;
    %load/vec4 v000001f37a1c4df0_0;
    %nor/r;
    %flag_set/vec4 8;
    %jmp/0xz  T_0.0, 8;
    %pushi/vec4 0, 0, 3;
    %assign/vec4 v000001f37a1c4a30_0, 0;
    %pushi/vec4 1, 0, 3;
    %assign/vec4 v000001f37a1c4990_0, 0;
    %pushi/vec4 0, 0, 4;
    %assign/vec4 v000001f37a1c4850_0, 0;
    %pushi/vec4 1, 0, 1;
    %assign/vec4 v000001f37a1620b0_0, 0;
    %pushi/vec4 0, 0, 1;
    %assign/vec4 v000001f37a1621f0_0, 0;
    %pushi/vec4 0, 0, 16;
    %assign/vec4 v000001f37a1c4d50_0, 0;
    %pushi/vec4 0, 0, 1;
    %assign/vec4 v000001f37a1c4f30_0, 0;
    %pushi/vec4 0, 0, 1;
    %assign/vec4 v000001f37a133000_0, 0;
    %jmp T_0.1;
T_0.0 ;
    %load/vec4 v000001f37a1c4c10_0;
    %assign/vec4 v000001f37a1c4990_0, 0;
    %load/vec4 v000001f37a1c4cb0_0;
    %assign/vec4 v000001f37a1c4a30_0, 0;
    %load/vec4 v000001f37a1c4b70_0;
    %assign/vec4 v000001f37a1c4850_0, 0;
    %pushi/vec4 0, 0, 1;
    %assign/vec4 v000001f37a133000_0, 0;
T_0.1 ;
    %jmp T_0;
    .thread T_0;
    .scope S_000001f37a132db0;
T_1 ;
    %wait E_000001f37a156500;
    %load/vec4 v000001f37a1c4990_0;
    %cmpi/e 4, 0, 3;
    %jmp/0xz  T_1.0, 4;
    %pushi/vec4 1, 0, 3;
    %store/vec4 v000001f37a1c4c10_0, 0, 3;
    %jmp T_1.1;
T_1.0 ;
    %load/vec4 v000001f37a1c4990_0;
    %addi 1, 0, 3;
    %store/vec4 v000001f37a1c4c10_0, 0, 3;
T_1.1 ;
    %load/vec4 v000001f37a1c4990_0;
    %parti/s 1, 2, 3;
    %store/vec4 v000001f37a1c4f30_0, 0, 1;
    %jmp T_1;
    .thread T_1, $push;
    .scope S_000001f37a132db0;
T_2 ;
    %wait E_000001f37a156080;
    %load/vec4 v000001f37a1c4a30_0;
    %store/vec4 v000001f37a1c4cb0_0, 0, 3;
    %load/vec4 v000001f37a1c4850_0;
    %store/vec4 v000001f37a1c4b70_0, 0, 4;
    %load/vec4 v000001f37a1c4a30_0;
    %dup/vec4;
    %pushi/vec4 0, 0, 3;
    %cmp/u;
    %jmp/1 T_2.0, 6;
    %dup/vec4;
    %pushi/vec4 1, 0, 3;
    %cmp/u;
    %jmp/1 T_2.1, 6;
    %dup/vec4;
    %pushi/vec4 2, 0, 3;
    %cmp/u;
    %jmp/1 T_2.2, 6;
    %dup/vec4;
    %pushi/vec4 3, 0, 3;
    %cmp/u;
    %jmp/1 T_2.3, 6;
    %dup/vec4;
    %pushi/vec4 4, 0, 3;
    %cmp/u;
    %jmp/1 T_2.4, 6;
    %jmp T_2.5;
T_2.0 ;
    %load/vec4 v000001f37a1625b0_0;
    %flag_set/vec4 8;
    %jmp/0xz  T_2.6, 8;
    %pushi/vec4 1, 0, 3;
    %store/vec4 v000001f37a1c4cb0_0, 0, 3;
    %pushi/vec4 0, 0, 1;
    %store/vec4 v000001f37a1620b0_0, 0, 1;
    %pushi/vec4 1, 0, 1;
    %store/vec4 v000001f37a1621f0_0, 0, 1;
    %pushi/vec4 0, 0, 4;
    %store/vec4 v000001f37a1c4b70_0, 0, 4;
T_2.6 ;
    %jmp T_2.5;
T_2.1 ;
    %load/vec4 v000001f37a1c4f30_0;
    %flag_set/vec4 8;
    %jmp/0xz  T_2.8, 8;
    %pushi/vec4 2, 0, 3;
    %store/vec4 v000001f37a1c4cb0_0, 0, 3;
T_2.8 ;
    %jmp T_2.5;
T_2.2 ;
    %load/vec4 v000001f37a1c4850_0;
    %pad/u 32;
    %cmpi/u 7, 0, 32;
    %jmp/0xz  T_2.10, 5;
    %load/vec4 v000001f37a1c4ad0_0;
    %pushi/vec4 6, 0, 32;
    %load/vec4 v000001f37a1c4850_0;
    %pad/u 32;
    %sub;
    %part/u 1;
    %store/vec4 v000001f37a1620b0_0, 0, 1;
    %load/vec4 v000001f37a1c4850_0;
    %addi 1, 0, 4;
    %store/vec4 v000001f37a1c4b70_0, 0, 4;
    %jmp T_2.11;
T_2.10 ;
    %load/vec4 v000001f37a1c4e90_0;
    %store/vec4 v000001f37a1620b0_0, 0, 1;
    %pushi/vec4 3, 0, 3;
    %store/vec4 v000001f37a1c4cb0_0, 0, 3;
    %pushi/vec4 0, 0, 4;
    %store/vec4 v000001f37a1c4b70_0, 0, 4;
T_2.11 ;
    %jmp T_2.5;
T_2.3 ;
    %load/vec4 v000001f37a1c4e90_0;
    %nor/r;
    %flag_set/vec4 8;
    %jmp/0xz  T_2.12, 8;
    %load/vec4 v000001f37a1c4850_0;
    %pad/u 32;
    %cmpi/u 16, 0, 32;
    %jmp/0xz  T_2.14, 5;
    %load/vec4 v000001f37a1616b0_0;
    %pushi/vec4 15, 0, 32;
    %load/vec4 v000001f37a1c4850_0;
    %pad/u 32;
    %sub;
    %part/u 1;
    %store/vec4 v000001f37a1620b0_0, 0, 1;
    %load/vec4 v000001f37a1c4850_0;
    %addi 1, 0, 4;
    %store/vec4 v000001f37a1c4b70_0, 0, 4;
    %jmp T_2.15;
T_2.14 ;
    %pushi/vec4 4, 0, 3;
    %store/vec4 v000001f37a1c4cb0_0, 0, 3;
T_2.15 ;
    %jmp T_2.13;
T_2.12 ;
    %load/vec4 v000001f37a1c4850_0;
    %pad/u 32;
    %cmpi/u 16, 0, 32;
    %jmp/0xz  T_2.16, 5;
    %load/vec4 v000001f37a1c4fd0_0;
    %store/vec4 v000001f37a1620b0_0, 0, 1;
    %load/vec4 v000001f37a1c4850_0;
    %addi 1, 0, 4;
    %store/vec4 v000001f37a1c4b70_0, 0, 4;
    %jmp T_2.17;
T_2.16 ;
    %pushi/vec4 4, 0, 3;
    %store/vec4 v000001f37a1c4cb0_0, 0, 3;
T_2.17 ;
T_2.13 ;
    %jmp T_2.5;
T_2.4 ;
    %load/vec4 v000001f37a1c4f30_0;
    %flag_set/vec4 8;
    %jmp/0xz  T_2.18, 8;
    %pushi/vec4 1, 0, 1;
    %store/vec4 v000001f37a1620b0_0, 0, 1;
    %pushi/vec4 0, 0, 1;
    %store/vec4 v000001f37a1621f0_0, 0, 1;
    %pushi/vec4 0, 0, 3;
    %store/vec4 v000001f37a1c4cb0_0, 0, 3;
T_2.18 ;
    %jmp T_2.5;
T_2.5 ;
    %pop/vec4 1;
    %jmp T_2;
    .thread T_2, $push;
# The file index is used to find the file name in the following table.
:file_names 3;
    "N/A";
    "<interactive>";
    "generador_I2C.v";
