#! /c/Source/iverilog-install/bin/vvp
:ivl_version "12.0 (devel)" "(s20150603-1539-g2693dd32b)";
:ivl_delay_selection "TYPICAL";
:vpi_time_precision + 0;
:vpi_module "C:\iverilog\lib\ivl\system.vpi";
:vpi_module "C:\iverilog\lib\ivl\vhdl_sys.vpi";
:vpi_module "C:\iverilog\lib\ivl\vhdl_textio.vpi";
:vpi_module "C:\iverilog\lib\ivl\v2005_math.vpi";
:vpi_module "C:\iverilog\lib\ivl\va_math.vpi";
S_00000165ea012900 .scope module, "control_acceso" "control_acceso" 2 1;
 .timescale 0 0;
    .port_info 0 /INPUT 1 "llegado_vehiculo";
    .port_info 1 /INPUT 1 "paso_vehiculo";
    .port_info 2 /INPUT 1 "tercer_intento";
    .port_info 3 /INPUT 1 "boton_reset";
    .port_info 4 /INPUT 1 "clk";
    .port_info 5 /INPUT 1 "reset";
    .port_info 6 /INPUT 16 "clave_ingresada";
    .port_info 7 /OUTPUT 1 "abriendo_compuerta";
    .port_info 8 /OUTPUT 1 "cerrando_compuerta";
    .port_info 9 /OUTPUT 1 "alarm_bloqueo";
    .port_info 10 /OUTPUT 1 "alarm_pin_incorrecto";
P_00000165ea012a90 .param/l "A" 1 2 11, C4<00>;
P_00000165ea012ac8 .param/l "B" 1 2 12, C4<01>;
P_00000165ea012b00 .param/l "C" 1 2 13, C4<10>;
P_00000165ea012b38 .param/l "D" 1 2 14, C4<11>;
v00000165ea037450_0 .var "CLAVE_CORRECTA", 15 0;
v00000165ea092030_0 .var "EstPresente", 1 0;
v00000165ea0920d0_0 .var "ProxEstado", 1 0;
v00000165ea092170_0 .var "abriendo_compuerta", 0 0;
v00000165ea092210_0 .var "alarm_bloqueo", 0 0;
v00000165ea0922b0_0 .var "alarm_pin_incorrecto", 0 0;
o00000165ea04d0b8 .functor BUFZ 1, C4<z>; HiZ drive
v00000165ea092350_0 .net "boton_reset", 0 0, o00000165ea04d0b8;  0 drivers
v00000165ea0923f0_0 .var "cerrando_compuerta", 0 0;
o00000165ea04d118 .functor BUFZ 16, C4<zzzzzzzzzzzzzzzz>; HiZ drive
v00000165ea092490_0 .net "clave_ingresada", 15 0, o00000165ea04d118;  0 drivers
o00000165ea04d148 .functor BUFZ 1, C4<z>; HiZ drive
v00000165ea092530_0 .net "clk", 0 0, o00000165ea04d148;  0 drivers
v00000165ea0925d0_0 .var "contador_intentos", 1 0;
o00000165ea04d1a8 .functor BUFZ 1, C4<z>; HiZ drive
v00000165ea092670_0 .net "llegado_vehiculo", 0 0, o00000165ea04d1a8;  0 drivers
o00000165ea04d1d8 .functor BUFZ 1, C4<z>; HiZ drive
v00000165ea092710_0 .net "paso_vehiculo", 0 0, o00000165ea04d1d8;  0 drivers
o00000165ea04d208 .functor BUFZ 1, C4<z>; HiZ drive
v00000165ea042ea0_0 .net "reset", 0 0, o00000165ea04d208;  0 drivers
o00000165ea04d238 .functor BUFZ 1, C4<z>; HiZ drive
v00000165ea043620_0 .net "tercer_intento", 0 0, o00000165ea04d238;  0 drivers
E_00000165ea034a20/0 .event anyedge, v00000165ea092030_0, v00000165ea092490_0, v00000165ea037450_0, v00000165ea092710_0;
E_00000165ea034a20/1 .event anyedge, v00000165ea092670_0, v00000165ea0925d0_0;
E_00000165ea034a20 .event/or E_00000165ea034a20/0, E_00000165ea034a20/1;
E_00000165ea0354a0/0 .event anyedge, v00000165ea092030_0, v00000165ea092670_0, v00000165ea092490_0, v00000165ea037450_0;
E_00000165ea0354a0/1 .event anyedge, v00000165ea0925d0_0, v00000165ea092710_0, v00000165ea092350_0;
E_00000165ea0354a0 .event/or E_00000165ea0354a0/0, E_00000165ea0354a0/1;
E_00000165ea0354e0 .event posedge, v00000165ea042ea0_0, v00000165ea092530_0;
    .scope S_00000165ea012900;
T_0 ;
    %pushi/vec4 4500, 0, 16;
    %store/vec4 v00000165ea037450_0, 0, 16;
    %end;
    .thread T_0;
    .scope S_00000165ea012900;
T_1 ;
    %wait E_00000165ea0354e0;
    %load/vec4 v00000165ea042ea0_0;
    %flag_set/vec4 8;
    %jmp/0xz  T_1.0, 8;
    %pushi/vec4 0, 0, 2;
    %assign/vec4 v00000165ea092030_0, 0;
    %pushi/vec4 0, 0, 2;
    %assign/vec4 v00000165ea0925d0_0, 0;
    %jmp T_1.1;
T_1.0 ;
    %load/vec4 v00000165ea0920d0_0;
    %assign/vec4 v00000165ea092030_0, 0;
T_1.1 ;
    %jmp T_1;
    .thread T_1;
    .scope S_00000165ea012900;
T_2 ;
    %wait E_00000165ea0354a0;
    %load/vec4 v00000165ea092030_0;
    %dup/vec4;
    %pushi/vec4 0, 0, 2;
    %cmp/u;
    %jmp/1 T_2.0, 6;
    %dup/vec4;
    %pushi/vec4 1, 0, 2;
    %cmp/u;
    %jmp/1 T_2.1, 6;
    %dup/vec4;
    %pushi/vec4 2, 0, 2;
    %cmp/u;
    %jmp/1 T_2.2, 6;
    %dup/vec4;
    %pushi/vec4 3, 0, 2;
    %cmp/u;
    %jmp/1 T_2.3, 6;
    %jmp T_2.4;
T_2.0 ;
    %load/vec4 v00000165ea092670_0;
    %flag_set/vec4 8;
    %jmp/0xz  T_2.5, 8;
    %pushi/vec4 1, 0, 2;
    %store/vec4 v00000165ea0920d0_0, 0, 2;
    %pushi/vec4 0, 0, 2;
    %store/vec4 v00000165ea0925d0_0, 0, 2;
    %jmp T_2.6;
T_2.5 ;
    %pushi/vec4 0, 0, 2;
    %store/vec4 v00000165ea0920d0_0, 0, 2;
T_2.6 ;
    %jmp T_2.4;
T_2.1 ;
    %load/vec4 v00000165ea092490_0;
    %load/vec4 v00000165ea037450_0;
    %cmp/e;
    %jmp/0xz  T_2.7, 4;
    %pushi/vec4 2, 0, 2;
    %store/vec4 v00000165ea0920d0_0, 0, 2;
    %pushi/vec4 0, 0, 2;
    %store/vec4 v00000165ea0925d0_0, 0, 2;
    %jmp T_2.8;
T_2.7 ;
    %load/vec4 v00000165ea0925d0_0;
    %addi 1, 0, 2;
    %store/vec4 v00000165ea0925d0_0, 0, 2;
    %load/vec4 v00000165ea0925d0_0;
    %pad/u 32;
    %cmpi/e 3, 0, 32;
    %jmp/0xz  T_2.9, 4;
    %pushi/vec4 3, 0, 2;
    %store/vec4 v00000165ea0920d0_0, 0, 2;
T_2.9 ;
T_2.8 ;
    %jmp T_2.4;
T_2.2 ;
    %load/vec4 v00000165ea092670_0;
    %pad/u 32;
    %cmpi/e 1, 0, 32;
    %flag_get/vec4 4;
    %jmp/0 T_2.13, 4;
    %load/vec4 v00000165ea092710_0;
    %pad/u 32;
    %pushi/vec4 1, 0, 32;
    %cmp/e;
    %flag_get/vec4 4;
    %and;
T_2.13;
    %flag_set/vec4 8;
    %jmp/0xz  T_2.11, 8;
    %pushi/vec4 3, 0, 2;
    %store/vec4 v00000165ea0920d0_0, 0, 2;
    %jmp T_2.12;
T_2.11 ;
    %load/vec4 v00000165ea092710_0;
    %flag_set/vec4 8;
    %jmp/0xz  T_2.14, 8;
    %pushi/vec4 0, 0, 2;
    %store/vec4 v00000165ea0920d0_0, 0, 2;
    %jmp T_2.15;
T_2.14 ;
    %load/vec4 v00000165ea092710_0;
    %inv;
    %flag_set/vec4 8;
    %jmp/0xz  T_2.16, 8;
    %pushi/vec4 2, 0, 2;
    %store/vec4 v00000165ea0920d0_0, 0, 2;
T_2.16 ;
T_2.15 ;
T_2.12 ;
    %jmp T_2.4;
T_2.3 ;
    %load/vec4 v00000165ea092350_0;
    %flag_set/vec4 8;
    %jmp/0xz  T_2.18, 8;
    %pushi/vec4 0, 0, 2;
    %store/vec4 v00000165ea0920d0_0, 0, 2;
    %pushi/vec4 0, 0, 2;
    %store/vec4 v00000165ea0925d0_0, 0, 2;
T_2.18 ;
    %jmp T_2.4;
T_2.4 ;
    %pop/vec4 1;
    %jmp T_2;
    .thread T_2, $push;
    .scope S_00000165ea012900;
T_3 ;
    %wait E_00000165ea034a20;
    %load/vec4 v00000165ea092030_0;
    %cmpi/e 1, 0, 2;
    %flag_get/vec4 4;
    %jmp/0 T_3.0, 4;
    %load/vec4 v00000165ea092490_0;
    %load/vec4 v00000165ea037450_0;
    %cmp/e;
    %flag_get/vec4 4;
    %and;
T_3.0;
    %store/vec4 v00000165ea092170_0, 0, 1;
    %load/vec4 v00000165ea092030_0;
    %cmpi/e 2, 0, 2;
    %flag_get/vec4 4;
    %jmp/0 T_3.1, 4;
    %load/vec4 v00000165ea092710_0;
    %flag_set/vec4 8;
    %flag_get/vec4 8;
    %jmp/0 T_3.2, 8;
    %load/vec4 v00000165ea092670_0;
    %inv;
    %and;
T_3.2;
    %and;
T_3.1;
    %store/vec4 v00000165ea0923f0_0, 0, 1;
    %load/vec4 v00000165ea0925d0_0;
    %pad/u 32;
    %pushi/vec4 3, 0, 32;
    %cmp/e;
    %flag_get/vec4 4;
    %store/vec4 v00000165ea0922b0_0, 0, 1;
    %load/vec4 v00000165ea092030_0;
    %pushi/vec4 3, 0, 2;
    %cmp/e;
    %flag_get/vec4 4;
    %store/vec4 v00000165ea092210_0, 0, 1;
    %jmp T_3;
    .thread T_3, $push;
# The file index is used to find the file name in the following table.
:file_names 3;
    "N/A";
    "<interactive>";
    "control_de_acceso.v";
